This file contains any messages produced by compilers while
running configure, to aid debugging if configure makes a mistake.

It was created by TooN configure version-2.0.0-beta8, which was
generated by GNU Autoconf 2.68.  Invocation command line was

  $ ./configure --prefix=/Users/peter/local

## --------- ##
## Platform. ##
## --------- ##

hostname = Peters-MacBook-Air.local
uname -m = x86_64
uname -r = 11.2.0
uname -s = Darwin
uname -v = Darwin Kernel Version 11.2.0: Tue Aug  9 20:54:00 PDT 2011; root:xnu-1699.24.8~1/RELEASE_X86_64

/usr/bin/uname -p = i386
/bin/uname -X     = unknown

/bin/arch              = unknown
/usr/bin/arch -k       = unknown
/usr/convex/getsysinfo = unknown
/usr/bin/hostinfo      = Mach kernel version:
	 Darwin Kernel Version 11.2.0: Tue Aug  9 20:54:00 PDT 2011; root:xnu-1699.24.8~1/RELEASE_X86_64
Kernel configured for up to 4 processors.
2 processors are physically available.
4 processors are logically available.
Processor type: i486 (Intel 80486)
Processors active: 0 1 2 3
Primary memory available: 4.00 gigabytes
Default processor set: 98 tasks, 514 threads, 4 processors
Load average: 1.24, Mach factor: 2.75
/bin/machine           = unknown
/usr/bin/oslevel       = unknown
/bin/universe          = unknown

PATH: /opt/local/bin
PATH: /opt/local/sbin
PATH: /usr/bin
PATH: /bin
PATH: /usr/sbin
PATH: /sbin
PATH: /usr/local/bin
PATH: /usr/X11/bin


## ----------- ##
## Core tests. ##
## ----------- ##

configure:1845: checking for g++
configure:1861: found /usr/bin/g++
configure:1872: result: g++
configure:1899: checking for C++ compiler version
configure:1908: g++ --version >&5
i686-apple-darwin11-llvm-g++-4.2 (GCC) 4.2.1 (Based on Apple Inc. build 5658) (LLVM build 2336.1.00)
Copyright (C) 2007 Free Software Foundation, Inc.
This is free software; see the source for copying conditions.  There is NO
warranty; not even for MERCHANTABILITY or FITNESS FOR A PARTICULAR PURPOSE.

configure:1919: $? = 0
configure:1908: g++ -v >&5
Using built-in specs.
Target: i686-apple-darwin11
Configured with: /private/var/tmp/llvmgcc42/llvmgcc42-2336.1~22/src/configure --disable-checking --enable-werror --prefix=/Developer/usr/llvm-gcc-4.2 --mandir=/share/man --enable-languages=c,objc,c++,obj-c++ --program-prefix=llvm- --program-transform-name=/^[cg][^.-]*$/s/$/-4.2/ --with-slibdir=/usr/lib --build=i686-apple-darwin11 --enable-llvm=/private/var/tmp/llvmgcc42/llvmgcc42-2336.1~22/dst-llvmCore/Developer/usr/local --program-prefix=i686-apple-darwin11- --host=x86_64-apple-darwin11 --target=i686-apple-darwin11 --with-gxx-include-dir=/usr/include/c++/4.2.1
Thread model: posix
gcc version 4.2.1 (Based on Apple Inc. build 5658) (LLVM build 2336.1.00)
configure:1919: $? = 0
configure:1908: g++ -V >&5
llvm-g++-4.2: argument to `-V' is missing
configure:1919: $? = 1
configure:1908: g++ -qversion >&5
i686-apple-darwin11-llvm-g++-4.2: no input files
configure:1919: $? = 1
configure:1939: checking whether the C++ compiler works
configure:1961: g++    conftest.cpp  >&5
configure:1965: $? = 0
configure:2013: result: yes
configure:2016: checking for C++ compiler default output file name
configure:2018: result: a.out
configure:2024: checking for suffix of executables
configure:2031: g++ -o conftest    conftest.cpp  >&5
configure:2035: $? = 0
configure:2057: result: 
configure:2079: checking whether we are cross compiling
configure:2087: g++ -o conftest    conftest.cpp  >&5
configure:2091: $? = 0
configure:2098: ./conftest
configure:2102: $? = 0
configure:2117: result: no
configure:2122: checking for suffix of object files
configure:2144: g++ -c   conftest.cpp >&5
configure:2148: $? = 0
configure:2169: result: o
configure:2173: checking whether we are using the GNU C++ compiler
configure:2192: g++ -c   conftest.cpp >&5
configure:2192: $? = 0
configure:2201: result: yes
configure:2210: checking whether g++ accepts -g
configure:2230: g++ -c -g  conftest.cpp >&5
configure:2230: $? = 0
configure:2271: result: yes
configure:2323: checking for pkg-config
configure:2341: found /opt/local/bin/pkg-config
configure:2353: result: /opt/local/bin/pkg-config
configure:2368: checking for sed
configure:2384: found /usr/bin/sed
configure:2396: result: sed
configure:2404: checking for pkg-config library dir
configure:2407: result: /opt/local/lib/pkgconfig
configure:2456: checking for dgesvd_ in -llapack
configure:2481: g++ -o conftest -g -O2   conftest.cpp -llapack   >&5
configure:2481: $? = 0
configure:2490: result: yes
configure:2512: checking for decltype
configure:2524: g++ -c -g -O2  conftest.cpp >&5
conftest.cpp: In function 'int main()':
conftest.cpp:14: error: ISO C++ forbids declaration of 'decltype' with no type
conftest.cpp:14: error: typedef 'decltype' is initialized (use __typeof__ instead)
configure:2524: $? = 1
configure: failed program was:
| /* confdefs.h */
| #define PACKAGE_NAME "TooN"
| #define PACKAGE_TARNAME "toon"
| #define PACKAGE_VERSION "version-2.0.0-beta8"
| #define PACKAGE_STRING "TooN version-2.0.0-beta8"
| #define PACKAGE_BUGREPORT ""
| #define PACKAGE_URL ""
| #define TOON_USE_LAPACK 1
| /* end confdefs.h.  */
| 
| 
| 		int main()
| 		{
| 			typedef decltype(int()*double()) foo;
| 		}
| 
configure:2528: result: no
configure:2537: checking for __typeof__
configure:2549: g++ -c -g -O2  conftest.cpp >&5
configure:2549: $? = 0
configure:2550: result: yes
configure:2628: checking for __attribute__((deprecated))
configure:2640: g++ -c -g -O2  conftest.cpp >&5
conftest.cpp: In function 'int main()':
conftest.cpp:15: warning: 'foo' is deprecated (declared at conftest.cpp:12)
conftest.cpp:15: warning: 'foo' is deprecated (declared at conftest.cpp:12)
configure:2640: $? = 0
configure:2641: result: yes
configure:2654: checking if compiler flag -Wall works
configure:2669: g++ -c -g -O2 -Wall  conftest.cpp >&5
configure:2669: $? = 0
configure:2682: result: yes
configure:2695: checking if compiler flag -Wextra works
configure:2710: g++ -c -g -O2 -Wall -Wextra  conftest.cpp >&5
configure:2710: $? = 0
configure:2723: result: yes
configure:2736: checking if compiler flag -W works
configure:2751: g++ -c -g -O2 -Wall -Wextra -W  conftest.cpp >&5
configure:2751: $? = 0
configure:2764: result: yes
configure:2777: checking if compiler flag -O3 works
configure:2792: g++ -c -g -O2 -Wall -Wextra -W -O3  conftest.cpp >&5
configure:2792: $? = 0
configure:2805: result: yes
configure:2818: checking if compiler flag -Werror works
configure:2833: g++ -c -g -O2 -Wall -Wextra -W -O3 -Werror  conftest.cpp >&5
configure:2833: $? = 0
configure:2846: result: yes
configure:2975: creating ./config.status

## ---------------------- ##
## Running config.status. ##
## ---------------------- ##

This file was extended by TooN config.status version-2.0.0-beta8, which was
generated by GNU Autoconf 2.68.  Invocation command line was

  CONFIG_FILES    = 
  CONFIG_HEADERS  = 
  CONFIG_LINKS    = 
  CONFIG_COMMANDS = 
  $ ./config.status 

on Peters-MacBook-Air.local

config.status:804: creating TooN.pc
config.status:804: creating Makefile
config.status:804: creating internal/config.hh
config.status:974: internal/config.hh is unchanged

## ---------------- ##
## Cache variables. ##
## ---------------- ##

ac_cv_cxx_compiler_gnu=yes
ac_cv_env_CCC_set=
ac_cv_env_CCC_value=
ac_cv_env_CPPFLAGS_set=
ac_cv_env_CPPFLAGS_value=
ac_cv_env_CXXFLAGS_set=
ac_cv_env_CXXFLAGS_value=
ac_cv_env_CXX_set=
ac_cv_env_CXX_value=
ac_cv_env_LDFLAGS_set=
ac_cv_env_LDFLAGS_value=
ac_cv_env_LIBS_set=
ac_cv_env_LIBS_value=
ac_cv_env_build_alias_set=
ac_cv_env_build_alias_value=
ac_cv_env_host_alias_set=
ac_cv_env_host_alias_value=
ac_cv_env_target_alias_set=
ac_cv_env_target_alias_value=
ac_cv_lib_lapack_dgesvd_=yes
ac_cv_objext=o
ac_cv_path_PKG_CONFIG=/opt/local/bin/pkg-config
ac_cv_prog_SED=sed
ac_cv_prog_ac_ct_CXX=g++
ac_cv_prog_cxx_g=yes

## ----------------- ##
## Output variables. ##
## ----------------- ##

CPPFLAGS=''
CXX='g++'
CXXFLAGS='-g -O2 -Wall -Wextra -W -O3 -Werror'
DEFS='-DHAVE_CONFIG_H'
ECHO_C='\c'
ECHO_N=''
ECHO_T=''
EXEEXT=''
LDFLAGS=''
LIBOBJS=''
LIBS=''
LTLIBOBJS=''
OBJEXT='o'
PACKAGE_BUGREPORT=''
PACKAGE_NAME='TooN'
PACKAGE_STRING='TooN version-2.0.0-beta8'
PACKAGE_TARNAME='toon'
PACKAGE_URL=''
PACKAGE_VERSION='version-2.0.0-beta8'
PATH_SEPARATOR=':'
PKGCONFIG_LIBDIR='/opt/local/lib/pkgconfig'
PKG_CONFIG='/opt/local/bin/pkg-config'
SED='sed'
SHELL='/bin/sh'
VERSION='version-2.0.0-beta8'
ac_ct_CXX='g++'
bindir='${exec_prefix}/bin'
build_alias=''
datadir='${datarootdir}'
datarootdir='${prefix}/share'
docdir='${datarootdir}/doc/${PACKAGE_TARNAME}'
dvidir='${docdir}'
exec_prefix='${prefix}'
host_alias=''
htmldir='${docdir}'
includedir='${prefix}/include'
infodir='${datarootdir}/info'
libdir='${exec_prefix}/lib'
libexecdir='${exec_prefix}/libexec'
localedir='${datarootdir}/locale'
localstatedir='${prefix}/var'
mandir='${datarootdir}/man'
oldincludedir='/usr/include'
pdfdir='${docdir}'
prefix='/Users/peter/local'
program_transform_name='s,x,x,'
psdir='${docdir}'
sbindir='${exec_prefix}/sbin'
sharedstatedir='${prefix}/com'
sysconfdir='${prefix}/etc'
target_alias=''

## ----------- ##
## confdefs.h. ##
## ----------- ##

/* confdefs.h */
#define PACKAGE_NAME "TooN"
#define PACKAGE_TARNAME "toon"
#define PACKAGE_VERSION "version-2.0.0-beta8"
#define PACKAGE_STRING "TooN version-2.0.0-beta8"
#define PACKAGE_BUGREPORT ""
#define PACKAGE_URL ""
#define TOON_USE_LAPACK 1
#define TOON_TYPEOF___TYPEOF__ 1
#define TOON_DEPRECATED_GCC 1 

configure: exit 0
