This file contains any messages produced by compilers while
running configure, to aid debugging if configure makes a mistake.

It was created by gvars3 configure 0.6, which was
generated by GNU Autoconf 2.68.  Invocation command line was

  $ ./configure --prefix=/Users/peter/local

## --------- ##
## Platform. ##
## --------- ##

hostname = Peters-MacBook-Air.local
uname -m = x86_64
uname -r = 11.2.0
uname -s = Darwin
uname -v = Darwin Kernel Version 11.2.0: Tue Aug  9 20:54:00 PDT 2011; root:xnu-1699.24.8~1/RELEASE_X86_64

/usr/bin/uname -p = i386
/bin/uname -X     = unknown

/bin/arch              = unknown
/usr/bin/arch -k       = unknown
/usr/convex/getsysinfo = unknown
/usr/bin/hostinfo      = Mach kernel version:
	 Darwin Kernel Version 11.2.0: Tue Aug  9 20:54:00 PDT 2011; root:xnu-1699.24.8~1/RELEASE_X86_64
Kernel configured for up to 4 processors.
2 processors are physically available.
4 processors are logically available.
Processor type: i486 (Intel 80486)
Processors active: 0 1 2 3
Primary memory available: 4.00 gigabytes
Default processor set: 101 tasks, 516 threads, 4 processors
Load average: 1.72, Mach factor: 2.27
/bin/machine           = unknown
/usr/bin/oslevel       = unknown
/bin/universe          = unknown

PATH: /opt/local/bin
PATH: /opt/local/sbin
PATH: /usr/bin
PATH: /bin
PATH: /usr/sbin
PATH: /sbin
PATH: /usr/local/bin
PATH: /usr/X11/bin


## ----------- ##
## Core tests. ##
## ----------- ##

configure:2061: checking for gawk
configure:2091: result: no
configure:2061: checking for mawk
configure:2091: result: no
configure:2061: checking for nawk
configure:2091: result: no
configure:2061: checking for awk
configure:2077: found /usr/bin/awk
configure:2088: result: awk
configure:2164: checking for g++
configure:2180: found /usr/bin/g++
configure:2191: result: g++
configure:2218: checking for C++ compiler version
configure:2227: g++ --version >&5
i686-apple-darwin11-llvm-g++-4.2 (GCC) 4.2.1 (Based on Apple Inc. build 5658) (LLVM build 2336.1.00)
Copyright (C) 2007 Free Software Foundation, Inc.
This is free software; see the source for copying conditions.  There is NO
warranty; not even for MERCHANTABILITY or FITNESS FOR A PARTICULAR PURPOSE.

configure:2238: $? = 0
configure:2227: g++ -v >&5
Using built-in specs.
Target: i686-apple-darwin11
Configured with: /private/var/tmp/llvmgcc42/llvmgcc42-2336.1~22/src/configure --disable-checking --enable-werror --prefix=/Developer/usr/llvm-gcc-4.2 --mandir=/share/man --enable-languages=c,objc,c++,obj-c++ --program-prefix=llvm- --program-transform-name=/^[cg][^.-]*$/s/$/-4.2/ --with-slibdir=/usr/lib --build=i686-apple-darwin11 --enable-llvm=/private/var/tmp/llvmgcc42/llvmgcc42-2336.1~22/dst-llvmCore/Developer/usr/local --program-prefix=i686-apple-darwin11- --host=x86_64-apple-darwin11 --target=i686-apple-darwin11 --with-gxx-include-dir=/usr/include/c++/4.2.1
Thread model: posix
gcc version 4.2.1 (Based on Apple Inc. build 5658) (LLVM build 2336.1.00)
configure:2238: $? = 0
configure:2227: g++ -V >&5
llvm-g++-4.2: argument to `-V' is missing
configure:2238: $? = 1
configure:2227: g++ -qversion >&5
i686-apple-darwin11-llvm-g++-4.2: no input files
configure:2238: $? = 1
configure:2258: checking whether the C++ compiler works
configure:2280: g++ -arch i386 -isysroot /Developer/SDKs/MacOSX10.6.sdk -mmacosx-version-min=10.5 -m32 -D_OSX -arch i386 -isysroot /Developer/SDKs/MacOSX10.6.sdk -mmacosx-version-min=10.5 -m32 -D_OSX -arch i386 -Wl,-syslibroot,/Developer/SDKs/MacOSX10.6.sdk -mmacosx-version-min=10.5 -m32 conftest.cpp  >&5
configure:2284: $? = 0
configure:2332: result: yes
configure:2335: checking for C++ compiler default output file name
configure:2337: result: a.out
configure:2343: checking for suffix of executables
configure:2350: g++ -o conftest -arch i386 -isysroot /Developer/SDKs/MacOSX10.6.sdk -mmacosx-version-min=10.5 -m32 -D_OSX -arch i386 -isysroot /Developer/SDKs/MacOSX10.6.sdk -mmacosx-version-min=10.5 -m32 -D_OSX -arch i386 -Wl,-syslibroot,/Developer/SDKs/MacOSX10.6.sdk -mmacosx-version-min=10.5 -m32 conftest.cpp  >&5
configure:2354: $? = 0
configure:2376: result: 
configure:2398: checking whether we are cross compiling
configure:2406: g++ -o conftest -arch i386 -isysroot /Developer/SDKs/MacOSX10.6.sdk -mmacosx-version-min=10.5 -m32 -D_OSX -arch i386 -isysroot /Developer/SDKs/MacOSX10.6.sdk -mmacosx-version-min=10.5 -m32 -D_OSX -arch i386 -Wl,-syslibroot,/Developer/SDKs/MacOSX10.6.sdk -mmacosx-version-min=10.5 -m32 conftest.cpp  >&5
configure:2410: $? = 0
configure:2417: ./conftest
configure:2421: $? = 0
configure:2436: result: no
configure:2441: checking for suffix of object files
configure:2463: g++ -c -arch i386 -isysroot /Developer/SDKs/MacOSX10.6.sdk -mmacosx-version-min=10.5 -m32 -D_OSX -arch i386 -isysroot /Developer/SDKs/MacOSX10.6.sdk -mmacosx-version-min=10.5 -m32 -D_OSX conftest.cpp >&5
configure:2467: $? = 0
configure:2488: result: o
configure:2492: checking whether we are using the GNU C++ compiler
configure:2511: g++ -c -arch i386 -isysroot /Developer/SDKs/MacOSX10.6.sdk -mmacosx-version-min=10.5 -m32 -D_OSX -arch i386 -isysroot /Developer/SDKs/MacOSX10.6.sdk -mmacosx-version-min=10.5 -m32 -D_OSX conftest.cpp >&5
configure:2511: $? = 0
configure:2520: result: yes
configure:2529: checking whether g++ accepts -g
configure:2549: g++ -c -g -arch i386 -isysroot /Developer/SDKs/MacOSX10.6.sdk -mmacosx-version-min=10.5 -m32 -D_OSX conftest.cpp >&5
configure:2549: $? = 0
configure:2590: result: yes
configure:2619: checking how to run the C++ preprocessor
configure:2646: g++ -E -arch i386 -isysroot /Developer/SDKs/MacOSX10.6.sdk -mmacosx-version-min=10.5 -m32 -D_OSX conftest.cpp
configure:2646: $? = 0
configure:2660: g++ -E -arch i386 -isysroot /Developer/SDKs/MacOSX10.6.sdk -mmacosx-version-min=10.5 -m32 -D_OSX conftest.cpp
conftest.cpp:9:28: error: ac_nonexistent.h: No such file or directory
configure:2660: $? = 1
configure: failed program was:
| /* confdefs.h */
| #define PACKAGE_NAME "gvars3"
| #define PACKAGE_TARNAME "gvars3"
| #define PACKAGE_VERSION "0.6"
| #define PACKAGE_STRING "gvars3 0.6"
| #define PACKAGE_BUGREPORT ""
| #define PACKAGE_URL ""
| /* end confdefs.h.  */
| #include <ac_nonexistent.h>
configure:2685: result: g++ -E
configure:2705: g++ -E -arch i386 -isysroot /Developer/SDKs/MacOSX10.6.sdk -mmacosx-version-min=10.5 -m32 -D_OSX conftest.cpp
configure:2705: $? = 0
configure:2719: g++ -E -arch i386 -isysroot /Developer/SDKs/MacOSX10.6.sdk -mmacosx-version-min=10.5 -m32 -D_OSX conftest.cpp
conftest.cpp:9:28: error: ac_nonexistent.h: No such file or directory
configure:2719: $? = 1
configure: failed program was:
| /* confdefs.h */
| #define PACKAGE_NAME "gvars3"
| #define PACKAGE_TARNAME "gvars3"
| #define PACKAGE_VERSION "0.6"
| #define PACKAGE_STRING "gvars3 0.6"
| #define PACKAGE_BUGREPORT ""
| #define PACKAGE_URL ""
| /* end confdefs.h.  */
| #include <ac_nonexistent.h>
configure:2748: checking for grep that handles long lines and -e
configure:2806: result: /usr/bin/grep
configure:2811: checking for egrep
configure:2873: result: /usr/bin/grep -E
configure:2878: checking for ANSI C header files
configure:2898: g++ -c -arch i386 -isysroot /Developer/SDKs/MacOSX10.6.sdk -mmacosx-version-min=10.5 -m32 -D_OSX -arch i386 -isysroot /Developer/SDKs/MacOSX10.6.sdk -mmacosx-version-min=10.5 -m32 -D_OSX conftest.cpp >&5
configure:2898: $? = 0
configure:2971: g++ -o conftest -arch i386 -isysroot /Developer/SDKs/MacOSX10.6.sdk -mmacosx-version-min=10.5 -m32 -D_OSX -arch i386 -isysroot /Developer/SDKs/MacOSX10.6.sdk -mmacosx-version-min=10.5 -m32 -D_OSX -arch i386 -Wl,-syslibroot,/Developer/SDKs/MacOSX10.6.sdk -mmacosx-version-min=10.5 -m32 conftest.cpp  >&5
configure:2971: $? = 0
configure:2971: ./conftest
configure:2971: $? = 0
configure:2982: result: yes
configure:2995: checking for sys/types.h
configure:2995: g++ -c -arch i386 -isysroot /Developer/SDKs/MacOSX10.6.sdk -mmacosx-version-min=10.5 -m32 -D_OSX -arch i386 -isysroot /Developer/SDKs/MacOSX10.6.sdk -mmacosx-version-min=10.5 -m32 -D_OSX conftest.cpp >&5
configure:2995: $? = 0
configure:2995: result: yes
configure:2995: checking for sys/stat.h
configure:2995: g++ -c -arch i386 -isysroot /Developer/SDKs/MacOSX10.6.sdk -mmacosx-version-min=10.5 -m32 -D_OSX -arch i386 -isysroot /Developer/SDKs/MacOSX10.6.sdk -mmacosx-version-min=10.5 -m32 -D_OSX conftest.cpp >&5
configure:2995: $? = 0
configure:2995: result: yes
configure:2995: checking for stdlib.h
configure:2995: g++ -c -arch i386 -isysroot /Developer/SDKs/MacOSX10.6.sdk -mmacosx-version-min=10.5 -m32 -D_OSX -arch i386 -isysroot /Developer/SDKs/MacOSX10.6.sdk -mmacosx-version-min=10.5 -m32 -D_OSX conftest.cpp >&5
configure:2995: $? = 0
configure:2995: result: yes
configure:2995: checking for string.h
configure:2995: g++ -c -arch i386 -isysroot /Developer/SDKs/MacOSX10.6.sdk -mmacosx-version-min=10.5 -m32 -D_OSX -arch i386 -isysroot /Developer/SDKs/MacOSX10.6.sdk -mmacosx-version-min=10.5 -m32 -D_OSX conftest.cpp >&5
configure:2995: $? = 0
configure:2995: result: yes
configure:2995: checking for memory.h
configure:2995: g++ -c -arch i386 -isysroot /Developer/SDKs/MacOSX10.6.sdk -mmacosx-version-min=10.5 -m32 -D_OSX -arch i386 -isysroot /Developer/SDKs/MacOSX10.6.sdk -mmacosx-version-min=10.5 -m32 -D_OSX conftest.cpp >&5
configure:2995: $? = 0
configure:2995: result: yes
configure:2995: checking for strings.h
configure:2995: g++ -c -arch i386 -isysroot /Developer/SDKs/MacOSX10.6.sdk -mmacosx-version-min=10.5 -m32 -D_OSX -arch i386 -isysroot /Developer/SDKs/MacOSX10.6.sdk -mmacosx-version-min=10.5 -m32 -D_OSX conftest.cpp >&5
configure:2995: $? = 0
configure:2995: result: yes
configure:2995: checking for inttypes.h
configure:2995: g++ -c -arch i386 -isysroot /Developer/SDKs/MacOSX10.6.sdk -mmacosx-version-min=10.5 -m32 -D_OSX -arch i386 -isysroot /Developer/SDKs/MacOSX10.6.sdk -mmacosx-version-min=10.5 -m32 -D_OSX conftest.cpp >&5
configure:2995: $? = 0
configure:2995: result: yes
configure:2995: checking for stdint.h
configure:2995: g++ -c -arch i386 -isysroot /Developer/SDKs/MacOSX10.6.sdk -mmacosx-version-min=10.5 -m32 -D_OSX -arch i386 -isysroot /Developer/SDKs/MacOSX10.6.sdk -mmacosx-version-min=10.5 -m32 -D_OSX conftest.cpp >&5
configure:2995: $? = 0
configure:2995: result: yes
configure:2995: checking for unistd.h
configure:2995: g++ -c -arch i386 -isysroot /Developer/SDKs/MacOSX10.6.sdk -mmacosx-version-min=10.5 -m32 -D_OSX -arch i386 -isysroot /Developer/SDKs/MacOSX10.6.sdk -mmacosx-version-min=10.5 -m32 -D_OSX conftest.cpp >&5
configure:2995: $? = 0
configure:2995: result: yes
configure:3009: checking iostream usability
configure:3009: g++ -c -arch i386 -isysroot /Developer/SDKs/MacOSX10.6.sdk -mmacosx-version-min=10.5 -m32 -D_OSX -arch i386 -isysroot /Developer/SDKs/MacOSX10.6.sdk -mmacosx-version-min=10.5 -m32 -D_OSX conftest.cpp >&5
configure:3009: $? = 0
configure:3009: result: yes
configure:3009: checking iostream presence
configure:3009: g++ -E -arch i386 -isysroot /Developer/SDKs/MacOSX10.6.sdk -mmacosx-version-min=10.5 -m32 -D_OSX conftest.cpp
configure:3009: $? = 0
configure:3009: result: yes
configure:3009: checking for iostream
configure:3009: result: yes
configure:3057: checking build system type
configure:3071: result: i386-apple-darwin11.2.0
configure:3091: checking host system type
configure:3104: result: i386-apple-darwin11.2.0
configure:3128: Adding /sw to the build path.
configure:3130: Adding /opt/local to the build path.
configure:3150: checking if compiler flag -Wall works
configure:3165: g++ -c -arch i386 -isysroot /Developer/SDKs/MacOSX10.6.sdk -mmacosx-version-min=10.5 -m32 -D_OSX -Wall -arch i386 -isysroot /Developer/SDKs/MacOSX10.6.sdk -mmacosx-version-min=10.5 -m32 -D_OSX -I /sw/include -I/opt/local/include -I/usr/X11R6/include conftest.cpp >&5
configure:3165: $? = 0
configure:3178: result: yes
configure:3191: checking if compiler flag -Wextra works
configure:3206: g++ -c -arch i386 -isysroot /Developer/SDKs/MacOSX10.6.sdk -mmacosx-version-min=10.5 -m32 -D_OSX -Wall -Wextra -arch i386 -isysroot /Developer/SDKs/MacOSX10.6.sdk -mmacosx-version-min=10.5 -m32 -D_OSX -I /sw/include -I/opt/local/include -I/usr/X11R6/include conftest.cpp >&5
configure:3206: $? = 0
configure:3219: result: yes
configure:3251: checking for TooN
configure:3260: g++ -c -arch i386 -isysroot /Developer/SDKs/MacOSX10.6.sdk -mmacosx-version-min=10.5 -m32 -D_OSX -Wall -Wextra -arch i386 -isysroot /Developer/SDKs/MacOSX10.6.sdk -mmacosx-version-min=10.5 -m32 -D_OSX -I /sw/include -I/opt/local/include -I/usr/X11R6/include -I/Users/peter/local/include conftest.cpp >&5
configure:3260: $? = 0
configure:3267: result: yes
configure:3279: checking for TooN-2
configure:3288: g++ -c -arch i386 -isysroot /Developer/SDKs/MacOSX10.6.sdk -mmacosx-version-min=10.5 -m32 -D_OSX -Wall -Wextra -arch i386 -isysroot /Developer/SDKs/MacOSX10.6.sdk -mmacosx-version-min=10.5 -m32 -D_OSX -I /sw/include -I/opt/local/include -I/usr/X11R6/include -I/Users/peter/local/include conftest.cpp >&5
configure:3288: $? = 0
configure:3295: result: yes
configure:3308: checking if compiler flag -pthread works
configure:3323: g++ -c -arch i386 -isysroot /Developer/SDKs/MacOSX10.6.sdk -mmacosx-version-min=10.5 -m32 -D_OSX -Wall -Wextra -pthread -arch i386 -isysroot /Developer/SDKs/MacOSX10.6.sdk -mmacosx-version-min=10.5 -m32 -D_OSX -I /sw/include -I/opt/local/include -I/usr/X11R6/include -I/Users/peter/local/include conftest.cpp >&5
configure:3323: $? = 0
configure:3336: result: yes
configure:3422: checking for rl_done in -lreadline
configure:3447: g++ -o conftest -arch i386 -isysroot /Developer/SDKs/MacOSX10.6.sdk -mmacosx-version-min=10.5 -m32 -D_OSX -Wall -Wextra -pthread -arch i386 -isysroot /Developer/SDKs/MacOSX10.6.sdk -mmacosx-version-min=10.5 -m32 -D_OSX -I /sw/include -I/opt/local/include -I/usr/X11R6/include -I/Users/peter/local/include -arch i386 -Wl,-syslibroot,/Developer/SDKs/MacOSX10.6.sdk -mmacosx-version-min=10.5 -m32 conftest.cpp -lreadline   -L/sw/lib -L/opt/local/lib >&5
ld: warning: directory not found for option '-L/sw/lib'
configure:3447: $? = 0
configure:3456: result: yes
configure:3526: checking for fltk2-config
configure:3559: result: no
configure:3581: checking FL/Fl.H usability
configure:3581: g++ -c -arch i386 -isysroot /Developer/SDKs/MacOSX10.6.sdk -mmacosx-version-min=10.5 -m32 -D_OSX -Wall -Wextra -pthread -arch i386 -isysroot /Developer/SDKs/MacOSX10.6.sdk -mmacosx-version-min=10.5 -m32 -D_OSX -I /sw/include -I/opt/local/include -I/usr/X11R6/include -I/Users/peter/local/include conftest.cpp >&5
conftest.cpp:56:19: error: FL/Fl.H: No such file or directory
configure:3581: $? = 1
configure: failed program was:
| /* confdefs.h */
| #define PACKAGE_NAME "gvars3"
| #define PACKAGE_TARNAME "gvars3"
| #define PACKAGE_VERSION "0.6"
| #define PACKAGE_STRING "gvars3 0.6"
| #define PACKAGE_BUGREPORT ""
| #define PACKAGE_URL ""
| #define STDC_HEADERS 1
| #define HAVE_SYS_TYPES_H 1
| #define HAVE_SYS_STAT_H 1
| #define HAVE_STDLIB_H 1
| #define HAVE_STRING_H 1
| #define HAVE_MEMORY_H 1
| #define HAVE_STRINGS_H 1
| #define HAVE_INTTYPES_H 1
| #define HAVE_STDINT_H 1
| #define HAVE_UNISTD_H 1
| #define HAVE_IOSTREAM 1
| #define GVARS3_HAVE_TOON 1
| #define GVARS3_HAVE_TOON2 1
| #define HAVE_LIBREADLINE 1
| /* end confdefs.h.  */
| #include <stdio.h>
| #ifdef HAVE_SYS_TYPES_H
| # include <sys/types.h>
| #endif
| #ifdef HAVE_SYS_STAT_H
| # include <sys/stat.h>
| #endif
| #ifdef STDC_HEADERS
| # include <stdlib.h>
| # include <stddef.h>
| #else
| # ifdef HAVE_STDLIB_H
| #  include <stdlib.h>
| # endif
| #endif
| #ifdef HAVE_STRING_H
| # if !defined STDC_HEADERS && defined HAVE_MEMORY_H
| #  include <memory.h>
| # endif
| # include <string.h>
| #endif
| #ifdef HAVE_STRINGS_H
| # include <strings.h>
| #endif
| #ifdef HAVE_INTTYPES_H
| # include <inttypes.h>
| #endif
| #ifdef HAVE_STDINT_H
| # include <stdint.h>
| #endif
| #ifdef HAVE_UNISTD_H
| # include <unistd.h>
| #endif
| #include <FL/Fl.H>
configure:3581: result: no
configure:3581: checking FL/Fl.H presence
configure:3581: g++ -E -arch i386 -isysroot /Developer/SDKs/MacOSX10.6.sdk -mmacosx-version-min=10.5 -m32 -D_OSX -I /sw/include -I/opt/local/include -I/usr/X11R6/include -I/Users/peter/local/include conftest.cpp
conftest.cpp:23:19: error: FL/Fl.H: No such file or directory
configure:3581: $? = 1
configure: failed program was:
| /* confdefs.h */
| #define PACKAGE_NAME "gvars3"
| #define PACKAGE_TARNAME "gvars3"
| #define PACKAGE_VERSION "0.6"
| #define PACKAGE_STRING "gvars3 0.6"
| #define PACKAGE_BUGREPORT ""
| #define PACKAGE_URL ""
| #define STDC_HEADERS 1
| #define HAVE_SYS_TYPES_H 1
| #define HAVE_SYS_STAT_H 1
| #define HAVE_STDLIB_H 1
| #define HAVE_STRING_H 1
| #define HAVE_MEMORY_H 1
| #define HAVE_STRINGS_H 1
| #define HAVE_INTTYPES_H 1
| #define HAVE_STDINT_H 1
| #define HAVE_UNISTD_H 1
| #define HAVE_IOSTREAM 1
| #define GVARS3_HAVE_TOON 1
| #define GVARS3_HAVE_TOON2 1
| #define HAVE_LIBREADLINE 1
| /* end confdefs.h.  */
| #include <FL/Fl.H>
configure:3581: result: no
configure:3581: checking for FL/Fl.H
configure:3581: result: no
configure:3591: checking for main in -lfltk
configure:3610: g++ -o conftest -arch i386 -isysroot /Developer/SDKs/MacOSX10.6.sdk -mmacosx-version-min=10.5 -m32 -D_OSX -Wall -Wextra -pthread -arch i386 -isysroot /Developer/SDKs/MacOSX10.6.sdk -mmacosx-version-min=10.5 -m32 -D_OSX -I /sw/include -I/opt/local/include -I/usr/X11R6/include -I/Users/peter/local/include -arch i386 -Wl,-syslibroot,/Developer/SDKs/MacOSX10.6.sdk -mmacosx-version-min=10.5 -m32 conftest.cpp -lfltk  -lreadline  -L/sw/lib -L/opt/local/lib >&5
ld: warning: directory not found for option '-L/sw/lib'
ld: library not found for -lfltk
collect2: ld returned 1 exit status
configure:3610: $? = 1
configure: failed program was:
| /* confdefs.h */
| #define PACKAGE_NAME "gvars3"
| #define PACKAGE_TARNAME "gvars3"
| #define PACKAGE_VERSION "0.6"
| #define PACKAGE_STRING "gvars3 0.6"
| #define PACKAGE_BUGREPORT ""
| #define PACKAGE_URL ""
| #define STDC_HEADERS 1
| #define HAVE_SYS_TYPES_H 1
| #define HAVE_SYS_STAT_H 1
| #define HAVE_STDLIB_H 1
| #define HAVE_STRING_H 1
| #define HAVE_MEMORY_H 1
| #define HAVE_STRINGS_H 1
| #define HAVE_INTTYPES_H 1
| #define HAVE_STDINT_H 1
| #define HAVE_UNISTD_H 1
| #define HAVE_IOSTREAM 1
| #define GVARS3_HAVE_TOON 1
| #define GVARS3_HAVE_TOON2 1
| #define HAVE_LIBREADLINE 1
| /* end confdefs.h.  */
| 
| 
| int
| main ()
| {
| return main ();
|   ;
|   return 0;
| }
configure:3619: result: no
configure:3639: checking for X
configure:3747: g++ -E -arch i386 -isysroot /Developer/SDKs/MacOSX10.6.sdk -mmacosx-version-min=10.5 -m32 -D_OSX -I /sw/include -I/opt/local/include -I/usr/X11R6/include -I/Users/peter/local/include conftest.cpp
configure:3747: $? = 0
configure:3778: g++ -o conftest -arch i386 -isysroot /Developer/SDKs/MacOSX10.6.sdk -mmacosx-version-min=10.5 -m32 -D_OSX -Wall -Wextra -pthread -arch i386 -isysroot /Developer/SDKs/MacOSX10.6.sdk -mmacosx-version-min=10.5 -m32 -D_OSX -I /sw/include -I/opt/local/include -I/usr/X11R6/include -I/Users/peter/local/include -arch i386 -Wl,-syslibroot,/Developer/SDKs/MacOSX10.6.sdk -mmacosx-version-min=10.5 -m32 conftest.cpp -lX11 -lreadline  -L/sw/lib -L/opt/local/lib >&5
ld: warning: directory not found for option '-L/sw/lib'
configure:3778: $? = 0
configure:3828: result: libraries , headers 
configure:3839: checking Xm/Xm.h usability
configure:3839: g++ -c -arch i386 -isysroot /Developer/SDKs/MacOSX10.6.sdk -mmacosx-version-min=10.5 -m32 -D_OSX -Wall -Wextra -pthread -arch i386 -isysroot /Developer/SDKs/MacOSX10.6.sdk -mmacosx-version-min=10.5 -m32 -D_OSX -I /sw/include -I/opt/local/include -I/usr/X11R6/include -I/Users/peter/local/include conftest.cpp >&5
conftest.cpp:56:19: error: Xm/Xm.h: No such file or directory
configure:3839: $? = 1
configure: failed program was:
| /* confdefs.h */
| #define PACKAGE_NAME "gvars3"
| #define PACKAGE_TARNAME "gvars3"
| #define PACKAGE_VERSION "0.6"
| #define PACKAGE_STRING "gvars3 0.6"
| #define PACKAGE_BUGREPORT ""
| #define PACKAGE_URL ""
| #define STDC_HEADERS 1
| #define HAVE_SYS_TYPES_H 1
| #define HAVE_SYS_STAT_H 1
| #define HAVE_STDLIB_H 1
| #define HAVE_STRING_H 1
| #define HAVE_MEMORY_H 1
| #define HAVE_STRINGS_H 1
| #define HAVE_INTTYPES_H 1
| #define HAVE_STDINT_H 1
| #define HAVE_UNISTD_H 1
| #define HAVE_IOSTREAM 1
| #define GVARS3_HAVE_TOON 1
| #define GVARS3_HAVE_TOON2 1
| #define HAVE_LIBREADLINE 1
| /* end confdefs.h.  */
| #include <stdio.h>
| #ifdef HAVE_SYS_TYPES_H
| # include <sys/types.h>
| #endif
| #ifdef HAVE_SYS_STAT_H
| # include <sys/stat.h>
| #endif
| #ifdef STDC_HEADERS
| # include <stdlib.h>
| # include <stddef.h>
| #else
| # ifdef HAVE_STDLIB_H
| #  include <stdlib.h>
| # endif
| #endif
| #ifdef HAVE_STRING_H
| # if !defined STDC_HEADERS && defined HAVE_MEMORY_H
| #  include <memory.h>
| # endif
| # include <string.h>
| #endif
| #ifdef HAVE_STRINGS_H
| # include <strings.h>
| #endif
| #ifdef HAVE_INTTYPES_H
| # include <inttypes.h>
| #endif
| #ifdef HAVE_STDINT_H
| # include <stdint.h>
| #endif
| #ifdef HAVE_UNISTD_H
| # include <unistd.h>
| #endif
| #include <Xm/Xm.h>
configure:3839: result: no
configure:3839: checking Xm/Xm.h presence
configure:3839: g++ -E -arch i386 -isysroot /Developer/SDKs/MacOSX10.6.sdk -mmacosx-version-min=10.5 -m32 -D_OSX -I /sw/include -I/opt/local/include -I/usr/X11R6/include -I/Users/peter/local/include conftest.cpp
conftest.cpp:23:19: error: Xm/Xm.h: No such file or directory
configure:3839: $? = 1
configure: failed program was:
| /* confdefs.h */
| #define PACKAGE_NAME "gvars3"
| #define PACKAGE_TARNAME "gvars3"
| #define PACKAGE_VERSION "0.6"
| #define PACKAGE_STRING "gvars3 0.6"
| #define PACKAGE_BUGREPORT ""
| #define PACKAGE_URL ""
| #define STDC_HEADERS 1
| #define HAVE_SYS_TYPES_H 1
| #define HAVE_SYS_STAT_H 1
| #define HAVE_STDLIB_H 1
| #define HAVE_STRING_H 1
| #define HAVE_MEMORY_H 1
| #define HAVE_STRINGS_H 1
| #define HAVE_INTTYPES_H 1
| #define HAVE_STDINT_H 1
| #define HAVE_UNISTD_H 1
| #define HAVE_IOSTREAM 1
| #define GVARS3_HAVE_TOON 1
| #define GVARS3_HAVE_TOON2 1
| #define HAVE_LIBREADLINE 1
| /* end confdefs.h.  */
| #include <Xm/Xm.h>
configure:3839: result: no
configure:3839: checking for Xm/Xm.h
configure:3839: result: no
configure:3849: checking for main in -lXm
configure:3868: g++ -o conftest -arch i386 -isysroot /Developer/SDKs/MacOSX10.6.sdk -mmacosx-version-min=10.5 -m32 -D_OSX -Wall -Wextra -pthread -arch i386 -isysroot /Developer/SDKs/MacOSX10.6.sdk -mmacosx-version-min=10.5 -m32 -D_OSX -I /sw/include -I/opt/local/include -I/usr/X11R6/include -I/Users/peter/local/include -arch i386 -Wl,-syslibroot,/Developer/SDKs/MacOSX10.6.sdk -mmacosx-version-min=10.5 -m32 conftest.cpp -lXm  -lreadline  -L/sw/lib -L/opt/local/lib >&5
ld: warning: directory not found for option '-L/sw/lib'
ld: library not found for -lXm
collect2: ld returned 1 exit status
configure:3868: $? = 1
configure: failed program was:
| /* confdefs.h */
| #define PACKAGE_NAME "gvars3"
| #define PACKAGE_TARNAME "gvars3"
| #define PACKAGE_VERSION "0.6"
| #define PACKAGE_STRING "gvars3 0.6"
| #define PACKAGE_BUGREPORT ""
| #define PACKAGE_URL ""
| #define STDC_HEADERS 1
| #define HAVE_SYS_TYPES_H 1
| #define HAVE_SYS_STAT_H 1
| #define HAVE_STDLIB_H 1
| #define HAVE_STRING_H 1
| #define HAVE_MEMORY_H 1
| #define HAVE_STRINGS_H 1
| #define HAVE_INTTYPES_H 1
| #define HAVE_STDINT_H 1
| #define HAVE_UNISTD_H 1
| #define HAVE_IOSTREAM 1
| #define GVARS3_HAVE_TOON 1
| #define GVARS3_HAVE_TOON2 1
| #define HAVE_LIBREADLINE 1
| /* end confdefs.h.  */
| 
| 
| int
| main ()
| {
| return main ();
|   ;
|   return 0;
| }
configure:3877: result: no
configure:3898: WARNING: No GUI functionality enabled
configure:4100: creating ./config.status

## ---------------------- ##
## Running config.status. ##
## ---------------------- ##

This file was extended by gvars3 config.status 0.6, which was
generated by GNU Autoconf 2.68.  Invocation command line was

  CONFIG_FILES    = 
  CONFIG_HEADERS  = 
  CONFIG_LINKS    = 
  CONFIG_COMMANDS = 
  $ ./config.status 

on Peters-MacBook-Air.local

config.status:837: creating Makefile
config.status:837: creating gvars3/config.h
config.status:1007: gvars3/config.h is unchanged

## ---------------- ##
## Cache variables. ##
## ---------------- ##

ac_cv_build=i386-apple-darwin11.2.0
ac_cv_cxx_compiler_gnu=yes
ac_cv_env_CCC_set=
ac_cv_env_CCC_value=
ac_cv_env_CPPFLAGS_set=set
ac_cv_env_CPPFLAGS_value='-arch i386 -isysroot /Developer/SDKs/MacOSX10.6.sdk -mmacosx-version-min=10.5 -m32 -D_OSX'
ac_cv_env_CXXCPP_set=
ac_cv_env_CXXCPP_value=
ac_cv_env_CXXFLAGS_set=set
ac_cv_env_CXXFLAGS_value='-arch i386 -isysroot /Developer/SDKs/MacOSX10.6.sdk -mmacosx-version-min=10.5 -m32 -D_OSX'
ac_cv_env_CXX_set=
ac_cv_env_CXX_value=
ac_cv_env_LDFLAGS_set=set
ac_cv_env_LDFLAGS_value='-arch i386 -Wl,-syslibroot,/Developer/SDKs/MacOSX10.6.sdk -mmacosx-version-min=10.5 -m32'
ac_cv_env_LIBS_set=
ac_cv_env_LIBS_value=
ac_cv_env_XMKMF_set=
ac_cv_env_XMKMF_value=
ac_cv_env_build_alias_set=
ac_cv_env_build_alias_value=
ac_cv_env_host_alias_set=
ac_cv_env_host_alias_value=
ac_cv_env_target_alias_set=
ac_cv_env_target_alias_value=
ac_cv_have_x='have_x=yes	ac_x_includes='\'''\''	ac_x_libraries='\'''\'''
ac_cv_header_FL_Fl_H=no
ac_cv_header_Xm_Xm_h=no
ac_cv_header_inttypes_h=yes
ac_cv_header_iostream=yes
ac_cv_header_memory_h=yes
ac_cv_header_stdc=yes
ac_cv_header_stdint_h=yes
ac_cv_header_stdlib_h=yes
ac_cv_header_string_h=yes
ac_cv_header_strings_h=yes
ac_cv_header_sys_stat_h=yes
ac_cv_header_sys_types_h=yes
ac_cv_header_unistd_h=yes
ac_cv_host=i386-apple-darwin11.2.0
ac_cv_lib_Xm_main=no
ac_cv_lib_fltk_main=no
ac_cv_lib_readline_rl_done=yes
ac_cv_objext=o
ac_cv_path_EGREP='/usr/bin/grep -E'
ac_cv_path_GREP=/usr/bin/grep
ac_cv_prog_AWK=awk
ac_cv_prog_CXXCPP='g++ -E'
ac_cv_prog_ac_ct_CXX=g++
ac_cv_prog_cxx_g=yes

## ----------------- ##
## Output variables. ##
## ----------------- ##

AWK='awk'
CPPFLAGS='-arch i386 -isysroot /Developer/SDKs/MacOSX10.6.sdk -mmacosx-version-min=10.5 -m32 -D_OSX -I /sw/include -I/opt/local/include -I/usr/X11R6/include -I/Users/peter/local/include'
CXX='g++'
CXXCPP='g++ -E'
CXXFLAGS='-arch i386 -isysroot /Developer/SDKs/MacOSX10.6.sdk -mmacosx-version-min=10.5 -m32 -D_OSX -Wall -Wextra -pthread'
DEFS='-DHAVE_CONFIG_H'
ECHO_C='\c'
ECHO_N=''
ECHO_T=''
EGREP='/usr/bin/grep -E'
EXEEXT=''
GREP='/usr/bin/grep'
HLIBS=' -L/sw/lib -L/opt/local/lib'
LDFLAGS='-arch i386 -Wl,-syslibroot,/Developer/SDKs/MacOSX10.6.sdk -mmacosx-version-min=10.5 -m32'
LIBOBJS=''
LIBS='-lreadline  -L/sw/lib -L/opt/local/lib'
LTLIBOBJS=''
OBJEXT='o'
PACKAGE_BUGREPORT=''
PACKAGE_NAME='gvars3'
PACKAGE_STRING='gvars3 0.6'
PACKAGE_TARNAME='gvars3'
PACKAGE_URL=''
PACKAGE_VERSION='0.6'
PATH_SEPARATOR=':'
SHELL='/bin/sh'
XMKMF=''
a=''
ac_ct_CXX='g++'
bindir='${exec_prefix}/bin'
build='i386-apple-darwin11.2.0'
build_alias=''
build_cpu='i386'
build_os='darwin11.2.0'
build_vendor='apple'
datadir='${datarootdir}'
datarootdir='${prefix}/share'
docdir='${datarootdir}/doc/${PACKAGE_TARNAME}'
dvidir='${docdir}'
exec_prefix='${prefix}'
guiobj='GUI_none'
have_readline='yes'
have_toon='yes'
host='i386-apple-darwin11.2.0'
host_alias=''
host_cpu='i386'
host_os='darwin11.2.0'
host_vendor='apple'
htmldir='${docdir}'
includedir='${prefix}/include'
infodir='${datarootdir}/info'
libdir='${exec_prefix}/lib'
libexecdir='${exec_prefix}/libexec'
localedir='${datarootdir}/locale'
localstatedir='${prefix}/var'
major='0'
make_debug=''
make_headless='yes'
make_lang=''
make_normal=''
mandir='${datarootdir}/man'
minor='6'
oldincludedir='/usr/include'
osx_hacks='yes'
pdfdir='${docdir}'
prefix='/Users/peter/local'
program_transform_name='s,x,x,'
psdir='${docdir}'
sbindir='${exec_prefix}/sbin'
sharedstatedir='${prefix}/com'
sysconfdir='${prefix}/etc'
target_alias=''

## ----------- ##
## confdefs.h. ##
## ----------- ##

/* confdefs.h */
#define PACKAGE_NAME "gvars3"
#define PACKAGE_TARNAME "gvars3"
#define PACKAGE_VERSION "0.6"
#define PACKAGE_STRING "gvars3 0.6"
#define PACKAGE_BUGREPORT ""
#define PACKAGE_URL ""
#define STDC_HEADERS 1
#define HAVE_SYS_TYPES_H 1
#define HAVE_SYS_STAT_H 1
#define HAVE_STDLIB_H 1
#define HAVE_STRING_H 1
#define HAVE_MEMORY_H 1
#define HAVE_STRINGS_H 1
#define HAVE_INTTYPES_H 1
#define HAVE_STDINT_H 1
#define HAVE_UNISTD_H 1
#define HAVE_IOSTREAM 1
#define GVARS3_HAVE_TOON 1
#define GVARS3_HAVE_TOON2 1
#define HAVE_LIBREADLINE 1

configure: exit 0
