This file contains any messages produced by compilers while
running configure, to aid debugging if configure makes a mistake.

It was created by CVD configure 0.8, which was
generated by GNU Autoconf 2.63.  Invocation command line was

  $ ./configure --prefix=/Users/peter/local

## --------- ##
## Platform. ##
## --------- ##

hostname = Peters-MacBook-Air.local
uname -m = x86_64
uname -r = 11.2.0
uname -s = Darwin
uname -v = Darwin Kernel Version 11.2.0: Tue Aug  9 20:54:00 PDT 2011; root:xnu-1699.24.8~1/RELEASE_X86_64

/usr/bin/uname -p = i386
/bin/uname -X     = unknown

/bin/arch              = unknown
/usr/bin/arch -k       = unknown
/usr/convex/getsysinfo = unknown
/usr/bin/hostinfo      = Mach kernel version:
	 Darwin Kernel Version 11.2.0: Tue Aug  9 20:54:00 PDT 2011; root:xnu-1699.24.8~1/RELEASE_X86_64
Kernel configured for up to 4 processors.
2 processors are physically available.
4 processors are logically available.
Processor type: i486 (Intel 80486)
Processors active: 0 1 2 3
Primary memory available: 4.00 gigabytes
Default processor set: 105 tasks, 526 threads, 4 processors
Load average: 0.56, Mach factor: 3.43
/bin/machine           = unknown
/usr/bin/oslevel       = unknown
/bin/universe          = unknown

PATH: /opt/local/bin
PATH: /opt/local/sbin
PATH: /usr/bin
PATH: /bin
PATH: /usr/sbin
PATH: /sbin
PATH: /usr/local/bin
PATH: /usr/X11/bin


## ----------- ##
## Core tests. ##
## ----------- ##

configure:2019: checking for gcc
configure:2035: found /usr/bin/gcc
configure:2046: result: gcc
configure:2278: checking for C compiler version
configure:2286: gcc --version >&5
i686-apple-darwin11-llvm-gcc-4.2 (GCC) 4.2.1 (Based on Apple Inc. build 5658) (LLVM build 2336.1.00)
Copyright (C) 2007 Free Software Foundation, Inc.
This is free software; see the source for copying conditions.  There is NO
warranty; not even for MERCHANTABILITY or FITNESS FOR A PARTICULAR PURPOSE.

configure:2290: $? = 0
configure:2297: gcc -v >&5
Using built-in specs.
Target: i686-apple-darwin11
Configured with: /private/var/tmp/llvmgcc42/llvmgcc42-2336.1~22/src/configure --disable-checking --enable-werror --prefix=/Developer/usr/llvm-gcc-4.2 --mandir=/share/man --enable-languages=c,objc,c++,obj-c++ --program-prefix=llvm- --program-transform-name=/^[cg][^.-]*$/s/$/-4.2/ --with-slibdir=/usr/lib --build=i686-apple-darwin11 --enable-llvm=/private/var/tmp/llvmgcc42/llvmgcc42-2336.1~22/dst-llvmCore/Developer/usr/local --program-prefix=i686-apple-darwin11- --host=x86_64-apple-darwin11 --target=i686-apple-darwin11 --with-gxx-include-dir=/usr/include/c++/4.2.1
Thread model: posix
gcc version 4.2.1 (Based on Apple Inc. build 5658) (LLVM build 2336.1.00)
configure:2301: $? = 0
configure:2308: gcc -V >&5
llvm-gcc-4.2: argument to `-V' is missing
configure:2312: $? = 1
configure:2335: checking for C compiler default output file name
configure:2357: gcc -arch i386 -isysroot /Developer/SDKs/MacOSX10.6.sdk -mmacosx-version-min=10.5 -m32 -D_OSX -arch i386 -isysroot /Developer/SDKs/MacOSX10.6.sdk -mmacosx-version-min=10.5 -m32 -D_OSX -arch i386 -Wl,-syslibroot,/Developer/SDKs/MacOSX10.6.sdk -mmacosx-version-min=10.5 -m32 conftest.c  >&5
configure:2361: $? = 0
configure:2399: result: a.out
configure:2418: checking whether the C compiler works
configure:2428: ./a.out
configure:2432: $? = 0
configure:2451: result: yes
configure:2458: checking whether we are cross compiling
configure:2460: result: no
configure:2463: checking for suffix of executables
configure:2470: gcc -o conftest -arch i386 -isysroot /Developer/SDKs/MacOSX10.6.sdk -mmacosx-version-min=10.5 -m32 -D_OSX -arch i386 -isysroot /Developer/SDKs/MacOSX10.6.sdk -mmacosx-version-min=10.5 -m32 -D_OSX -arch i386 -Wl,-syslibroot,/Developer/SDKs/MacOSX10.6.sdk -mmacosx-version-min=10.5 -m32 conftest.c  >&5
configure:2474: $? = 0
configure:2500: result: 
configure:2506: checking for suffix of object files
configure:2532: gcc -c -arch i386 -isysroot /Developer/SDKs/MacOSX10.6.sdk -mmacosx-version-min=10.5 -m32 -D_OSX -arch i386 -isysroot /Developer/SDKs/MacOSX10.6.sdk -mmacosx-version-min=10.5 -m32 -D_OSX conftest.c >&5
configure:2536: $? = 0
configure:2561: result: o
configure:2565: checking whether we are using the GNU C compiler
configure:2594: gcc -c -arch i386 -isysroot /Developer/SDKs/MacOSX10.6.sdk -mmacosx-version-min=10.5 -m32 -D_OSX -arch i386 -isysroot /Developer/SDKs/MacOSX10.6.sdk -mmacosx-version-min=10.5 -m32 -D_OSX conftest.c >&5
configure:2601: $? = 0
configure:2618: result: yes
configure:2627: checking whether gcc accepts -g
configure:2657: gcc -c -g -arch i386 -isysroot /Developer/SDKs/MacOSX10.6.sdk -mmacosx-version-min=10.5 -m32 -D_OSX conftest.c >&5
configure:2664: $? = 0
configure:2765: result: yes
configure:2782: checking for gcc option to accept ISO C89
configure:2856: gcc  -c -arch i386 -isysroot /Developer/SDKs/MacOSX10.6.sdk -mmacosx-version-min=10.5 -m32 -D_OSX -arch i386 -isysroot /Developer/SDKs/MacOSX10.6.sdk -mmacosx-version-min=10.5 -m32 -D_OSX conftest.c >&5
configure:2863: $? = 0
configure:2886: result: none needed
configure:2910: checking how to run the C preprocessor
configure:2950: gcc -E -arch i386 -isysroot /Developer/SDKs/MacOSX10.6.sdk -mmacosx-version-min=10.5 -m32 -D_OSX conftest.c
configure:2957: $? = 0
configure:2988: gcc -E -arch i386 -isysroot /Developer/SDKs/MacOSX10.6.sdk -mmacosx-version-min=10.5 -m32 -D_OSX conftest.c
conftest.c:8:28: error: ac_nonexistent.h: No such file or directory
configure:2995: $? = 1
configure: failed program was:
| /* confdefs.h.  */
| #define PACKAGE_NAME "CVD"
| #define PACKAGE_TARNAME "cvd"
| #define PACKAGE_VERSION "0.8"
| #define PACKAGE_STRING "CVD 0.8"
| #define PACKAGE_BUGREPORT ""
| /* end confdefs.h.  */
| #include <ac_nonexistent.h>
configure:3028: result: gcc -E
configure:3057: gcc -E -arch i386 -isysroot /Developer/SDKs/MacOSX10.6.sdk -mmacosx-version-min=10.5 -m32 -D_OSX conftest.c
configure:3064: $? = 0
configure:3095: gcc -E -arch i386 -isysroot /Developer/SDKs/MacOSX10.6.sdk -mmacosx-version-min=10.5 -m32 -D_OSX conftest.c
conftest.c:8:28: error: ac_nonexistent.h: No such file or directory
configure:3102: $? = 1
configure: failed program was:
| /* confdefs.h.  */
| #define PACKAGE_NAME "CVD"
| #define PACKAGE_TARNAME "cvd"
| #define PACKAGE_VERSION "0.8"
| #define PACKAGE_STRING "CVD 0.8"
| #define PACKAGE_BUGREPORT ""
| /* end confdefs.h.  */
| #include <ac_nonexistent.h>
configure:3142: checking for grep that handles long lines and -e
configure:3202: result: /usr/bin/grep
configure:3207: checking for egrep
configure:3271: result: /usr/bin/grep -E
configure:3276: checking for ANSI C header files
configure:3306: gcc -c -arch i386 -isysroot /Developer/SDKs/MacOSX10.6.sdk -mmacosx-version-min=10.5 -m32 -D_OSX -arch i386 -isysroot /Developer/SDKs/MacOSX10.6.sdk -mmacosx-version-min=10.5 -m32 -D_OSX conftest.c >&5
configure:3313: $? = 0
configure:3412: gcc -o conftest -arch i386 -isysroot /Developer/SDKs/MacOSX10.6.sdk -mmacosx-version-min=10.5 -m32 -D_OSX -arch i386 -isysroot /Developer/SDKs/MacOSX10.6.sdk -mmacosx-version-min=10.5 -m32 -D_OSX -arch i386 -Wl,-syslibroot,/Developer/SDKs/MacOSX10.6.sdk -mmacosx-version-min=10.5 -m32 conftest.c  >&5
configure:3416: $? = 0
configure:3422: ./conftest
configure:3426: $? = 0
configure:3444: result: yes
configure:3459: checking for gawk
configure:3489: result: no
configure:3459: checking for mawk
configure:3489: result: no
configure:3459: checking for nawk
configure:3489: result: no
configure:3459: checking for awk
configure:3475: found /usr/bin/awk
configure:3486: result: awk
configure:3555: checking for g++
configure:3571: found /usr/bin/g++
configure:3582: result: g++
configure:3609: checking for C++ compiler version
configure:3617: g++ --version >&5
i686-apple-darwin11-llvm-g++-4.2 (GCC) 4.2.1 (Based on Apple Inc. build 5658) (LLVM build 2336.1.00)
Copyright (C) 2007 Free Software Foundation, Inc.
This is free software; see the source for copying conditions.  There is NO
warranty; not even for MERCHANTABILITY or FITNESS FOR A PARTICULAR PURPOSE.

configure:3621: $? = 0
configure:3628: g++ -v >&5
Using built-in specs.
Target: i686-apple-darwin11
Configured with: /private/var/tmp/llvmgcc42/llvmgcc42-2336.1~22/src/configure --disable-checking --enable-werror --prefix=/Developer/usr/llvm-gcc-4.2 --mandir=/share/man --enable-languages=c,objc,c++,obj-c++ --program-prefix=llvm- --program-transform-name=/^[cg][^.-]*$/s/$/-4.2/ --with-slibdir=/usr/lib --build=i686-apple-darwin11 --enable-llvm=/private/var/tmp/llvmgcc42/llvmgcc42-2336.1~22/dst-llvmCore/Developer/usr/local --program-prefix=i686-apple-darwin11- --host=x86_64-apple-darwin11 --target=i686-apple-darwin11 --with-gxx-include-dir=/usr/include/c++/4.2.1
Thread model: posix
gcc version 4.2.1 (Based on Apple Inc. build 5658) (LLVM build 2336.1.00)
configure:3632: $? = 0
configure:3639: g++ -V >&5
llvm-g++-4.2: argument to `-V' is missing
configure:3643: $? = 1
configure:3646: checking whether we are using the GNU C++ compiler
configure:3675: g++ -c -arch i386 -isysroot /Developer/SDKs/MacOSX10.6.sdk -mmacosx-version-min=10.5 -m32 -D_OSX -arch i386 -isysroot /Developer/SDKs/MacOSX10.6.sdk -mmacosx-version-min=10.5 -m32 -D_OSX conftest.cpp >&5
configure:3682: $? = 0
configure:3699: result: yes
configure:3708: checking whether g++ accepts -g
configure:3738: g++ -c -g -arch i386 -isysroot /Developer/SDKs/MacOSX10.6.sdk -mmacosx-version-min=10.5 -m32 -D_OSX conftest.cpp >&5
configure:3745: $? = 0
configure:3846: result: yes
configure:3914: checking for a BSD-compatible install
configure:3982: result: /usr/bin/install -c
configure:3993: checking whether ln -s works
configure:3997: result: yes
configure:4047: checking for ranlib
configure:4063: found /usr/bin/ranlib
configure:4074: result: ranlib
configure:4109: checking how to run the C++ preprocessor
configure:4145: g++ -E -arch i386 -isysroot /Developer/SDKs/MacOSX10.6.sdk -mmacosx-version-min=10.5 -m32 -D_OSX conftest.cpp
configure:4152: $? = 0
configure:4183: g++ -E -arch i386 -isysroot /Developer/SDKs/MacOSX10.6.sdk -mmacosx-version-min=10.5 -m32 -D_OSX conftest.cpp
conftest.cpp:9:28: error: ac_nonexistent.h: No such file or directory
configure:4190: $? = 1
configure: failed program was:
| /* confdefs.h.  */
| #define PACKAGE_NAME "CVD"
| #define PACKAGE_TARNAME "cvd"
| #define PACKAGE_VERSION "0.8"
| #define PACKAGE_STRING "CVD 0.8"
| #define PACKAGE_BUGREPORT ""
| #define STDC_HEADERS 1
| /* end confdefs.h.  */
| #include <ac_nonexistent.h>
configure:4223: result: g++ -E
configure:4252: g++ -E -arch i386 -isysroot /Developer/SDKs/MacOSX10.6.sdk -mmacosx-version-min=10.5 -m32 -D_OSX conftest.cpp
configure:4259: $? = 0
configure:4290: g++ -E -arch i386 -isysroot /Developer/SDKs/MacOSX10.6.sdk -mmacosx-version-min=10.5 -m32 -D_OSX conftest.cpp
conftest.cpp:9:28: error: ac_nonexistent.h: No such file or directory
configure:4297: $? = 1
configure: failed program was:
| /* confdefs.h.  */
| #define PACKAGE_NAME "CVD"
| #define PACKAGE_TARNAME "cvd"
| #define PACKAGE_VERSION "0.8"
| #define PACKAGE_STRING "CVD 0.8"
| #define PACKAGE_BUGREPORT ""
| #define STDC_HEADERS 1
| /* end confdefs.h.  */
| #include <ac_nonexistent.h>
configure:4395: checking if compiler flag -Wall works
configure:4415: g++ -c -arch i386 -isysroot /Developer/SDKs/MacOSX10.6.sdk -mmacosx-version-min=10.5 -m32 -D_OSX -Wall -arch i386 -isysroot /Developer/SDKs/MacOSX10.6.sdk -mmacosx-version-min=10.5 -m32 -D_OSX conftest.cpp >&5
configure:4422: $? = 0
configure:4443: result: yes
configure:4456: checking if compiler flag -Wextra works
configure:4476: g++ -c -arch i386 -isysroot /Developer/SDKs/MacOSX10.6.sdk -mmacosx-version-min=10.5 -m32 -D_OSX -Wall -Wextra -arch i386 -isysroot /Developer/SDKs/MacOSX10.6.sdk -mmacosx-version-min=10.5 -m32 -D_OSX conftest.cpp >&5
configure:4483: $? = 0
configure:4504: result: yes
configure:4517: checking if compiler flag -pipe works
configure:4537: g++ -c -arch i386 -isysroot /Developer/SDKs/MacOSX10.6.sdk -mmacosx-version-min=10.5 -m32 -D_OSX -Wall -Wextra -pipe -arch i386 -isysroot /Developer/SDKs/MacOSX10.6.sdk -mmacosx-version-min=10.5 -m32 -D_OSX conftest.cpp >&5
configure:4544: $? = 0
configure:4565: result: yes
configure:4601: checking if compiler flag -ggdb works
configure:4621: g++ -c -arch i386 -isysroot /Developer/SDKs/MacOSX10.6.sdk -mmacosx-version-min=10.5 -m32 -D_OSX -Wall -Wextra -pipe -ggdb -arch i386 -isysroot /Developer/SDKs/MacOSX10.6.sdk -mmacosx-version-min=10.5 -m32 -D_OSX -I/Users/peter/local/include conftest.cpp >&5
configure:4628: $? = 0
configure:4649: result: yes
configure:4672: checking if compiler flag -fPIC works
configure:4692: g++ -c -arch i386 -isysroot /Developer/SDKs/MacOSX10.6.sdk -mmacosx-version-min=10.5 -m32 -D_OSX -Wall -Wextra -pipe -ggdb -fPIC -arch i386 -isysroot /Developer/SDKs/MacOSX10.6.sdk -mmacosx-version-min=10.5 -m32 -D_OSX -I/Users/peter/local/include conftest.cpp >&5
configure:4699: $? = 0
configure:4720: result: yes
configure:4744: checking build system type
configure:4762: result: i386-apple-darwin11.2.0
configure:4784: checking host system type
configure:4799: result: i386-apple-darwin11.2.0
configure:4846: checking for best optimize flags
configure:4848: result: 
configure:4854: checking if compiler flag -O3 works
configure:4874: g++ -c  -O3 -arch i386 -isysroot /Developer/SDKs/MacOSX10.6.sdk -mmacosx-version-min=10.5 -m32 -D_OSX -I/Users/peter/local/include conftest.cpp >&5
configure:4881: $? = 0
configure:4902: result: yes
configure:4918: checking CPU type
configure:4953: result: unknown
configure:5067: checking for sys/types.h
configure:5088: g++ -c -arch i386 -isysroot /Developer/SDKs/MacOSX10.6.sdk -mmacosx-version-min=10.5 -m32 -D_OSX -Wall -Wextra -pipe -ggdb -fPIC -arch i386 -isysroot /Developer/SDKs/MacOSX10.6.sdk -mmacosx-version-min=10.5 -m32 -D_OSX -I/Users/peter/local/include conftest.cpp >&5
configure:5095: $? = 0
configure:5112: result: yes
configure:5067: checking for sys/stat.h
configure:5088: g++ -c -arch i386 -isysroot /Developer/SDKs/MacOSX10.6.sdk -mmacosx-version-min=10.5 -m32 -D_OSX -Wall -Wextra -pipe -ggdb -fPIC -arch i386 -isysroot /Developer/SDKs/MacOSX10.6.sdk -mmacosx-version-min=10.5 -m32 -D_OSX -I/Users/peter/local/include conftest.cpp >&5
configure:5095: $? = 0
configure:5112: result: yes
configure:5067: checking for stdlib.h
configure:5088: g++ -c -arch i386 -isysroot /Developer/SDKs/MacOSX10.6.sdk -mmacosx-version-min=10.5 -m32 -D_OSX -Wall -Wextra -pipe -ggdb -fPIC -arch i386 -isysroot /Developer/SDKs/MacOSX10.6.sdk -mmacosx-version-min=10.5 -m32 -D_OSX -I/Users/peter/local/include conftest.cpp >&5
configure:5095: $? = 0
configure:5112: result: yes
configure:5067: checking for string.h
configure:5088: g++ -c -arch i386 -isysroot /Developer/SDKs/MacOSX10.6.sdk -mmacosx-version-min=10.5 -m32 -D_OSX -Wall -Wextra -pipe -ggdb -fPIC -arch i386 -isysroot /Developer/SDKs/MacOSX10.6.sdk -mmacosx-version-min=10.5 -m32 -D_OSX -I/Users/peter/local/include conftest.cpp >&5
configure:5095: $? = 0
configure:5112: result: yes
configure:5067: checking for memory.h
configure:5088: g++ -c -arch i386 -isysroot /Developer/SDKs/MacOSX10.6.sdk -mmacosx-version-min=10.5 -m32 -D_OSX -Wall -Wextra -pipe -ggdb -fPIC -arch i386 -isysroot /Developer/SDKs/MacOSX10.6.sdk -mmacosx-version-min=10.5 -m32 -D_OSX -I/Users/peter/local/include conftest.cpp >&5
configure:5095: $? = 0
configure:5112: result: yes
configure:5067: checking for strings.h
configure:5088: g++ -c -arch i386 -isysroot /Developer/SDKs/MacOSX10.6.sdk -mmacosx-version-min=10.5 -m32 -D_OSX -Wall -Wextra -pipe -ggdb -fPIC -arch i386 -isysroot /Developer/SDKs/MacOSX10.6.sdk -mmacosx-version-min=10.5 -m32 -D_OSX -I/Users/peter/local/include conftest.cpp >&5
configure:5095: $? = 0
configure:5112: result: yes
configure:5067: checking for inttypes.h
configure:5088: g++ -c -arch i386 -isysroot /Developer/SDKs/MacOSX10.6.sdk -mmacosx-version-min=10.5 -m32 -D_OSX -Wall -Wextra -pipe -ggdb -fPIC -arch i386 -isysroot /Developer/SDKs/MacOSX10.6.sdk -mmacosx-version-min=10.5 -m32 -D_OSX -I/Users/peter/local/include conftest.cpp >&5
configure:5095: $? = 0
configure:5112: result: yes
configure:5067: checking for stdint.h
configure:5088: g++ -c -arch i386 -isysroot /Developer/SDKs/MacOSX10.6.sdk -mmacosx-version-min=10.5 -m32 -D_OSX -Wall -Wextra -pipe -ggdb -fPIC -arch i386 -isysroot /Developer/SDKs/MacOSX10.6.sdk -mmacosx-version-min=10.5 -m32 -D_OSX -I/Users/peter/local/include conftest.cpp >&5
configure:5095: $? = 0
configure:5112: result: yes
configure:5067: checking for unistd.h
configure:5088: g++ -c -arch i386 -isysroot /Developer/SDKs/MacOSX10.6.sdk -mmacosx-version-min=10.5 -m32 -D_OSX -Wall -Wextra -pipe -ggdb -fPIC -arch i386 -isysroot /Developer/SDKs/MacOSX10.6.sdk -mmacosx-version-min=10.5 -m32 -D_OSX -I/Users/peter/local/include conftest.cpp >&5
configure:5095: $? = 0
configure:5112: result: yes
configure:5127: checking whether byte ordering is bigendian
configure:5152: g++ -c -arch i386 -isysroot /Developer/SDKs/MacOSX10.6.sdk -mmacosx-version-min=10.5 -m32 -D_OSX -Wall -Wextra -pipe -ggdb -fPIC -arch i386 -isysroot /Developer/SDKs/MacOSX10.6.sdk -mmacosx-version-min=10.5 -m32 -D_OSX -I/Users/peter/local/include conftest.cpp >&5
configure:5159: $? = 0
configure:5507: result: universal
configure:5611: checking for MMX support
configure:5639: g++ -o conftest -arch i386 -isysroot /Developer/SDKs/MacOSX10.6.sdk -mmacosx-version-min=10.5 -m32 -D_OSX -Wall -Wextra -pipe -ggdb -fPIC -mmmx -arch i386 -isysroot /Developer/SDKs/MacOSX10.6.sdk -mmacosx-version-min=10.5 -m32 -D_OSX -I/Users/peter/local/include -arch i386 -Wl,-syslibroot,/Developer/SDKs/MacOSX10.6.sdk -mmacosx-version-min=10.5 -m32 conftest.cpp  >&5
configure:5643: $? = 0
configure:5649: ./conftest
configure:5653: $? = 0
configure:5675: result: yes
configure:5714: checking for MMXEXT support
configure:5741: g++ -o conftest -arch i386 -isysroot /Developer/SDKs/MacOSX10.6.sdk -mmacosx-version-min=10.5 -m32 -D_OSX -Wall -Wextra -pipe -ggdb -fPIC -mmmx -msse -arch i386 -isysroot /Developer/SDKs/MacOSX10.6.sdk -mmacosx-version-min=10.5 -m32 -D_OSX -I/Users/peter/local/include -arch i386 -Wl,-syslibroot,/Developer/SDKs/MacOSX10.6.sdk -mmacosx-version-min=10.5 -m32 conftest.cpp  >&5
configure:5745: $? = 0
configure:5751: ./conftest
configure:5755: $? = 0
configure:5777: result: yes
configure:5816: checking for SSE support
configure:5844: g++ -o conftest -arch i386 -isysroot /Developer/SDKs/MacOSX10.6.sdk -mmacosx-version-min=10.5 -m32 -D_OSX -Wall -Wextra -pipe -ggdb -fPIC -mmmx -msse -msse -arch i386 -isysroot /Developer/SDKs/MacOSX10.6.sdk -mmacosx-version-min=10.5 -m32 -D_OSX -I/Users/peter/local/include -arch i386 -Wl,-syslibroot,/Developer/SDKs/MacOSX10.6.sdk -mmacosx-version-min=10.5 -m32 conftest.cpp  >&5
configure:5848: $? = 0
configure:5854: ./conftest
configure:5858: $? = 0
configure:5880: result: yes
configure:5919: checking for SSE2 support
configure:5947: g++ -o conftest -arch i386 -isysroot /Developer/SDKs/MacOSX10.6.sdk -mmacosx-version-min=10.5 -m32 -D_OSX -Wall -Wextra -pipe -ggdb -fPIC -mmmx -msse -msse -msse2 -arch i386 -isysroot /Developer/SDKs/MacOSX10.6.sdk -mmacosx-version-min=10.5 -m32 -D_OSX -I/Users/peter/local/include -arch i386 -Wl,-syslibroot,/Developer/SDKs/MacOSX10.6.sdk -mmacosx-version-min=10.5 -m32 conftest.cpp  >&5
configure:5951: $? = 0
configure:5957: ./conftest
configure:5961: $? = 0
configure:5983: result: yes
configure:6022: checking for SSE3 support
configure:6050: g++ -o conftest -arch i386 -isysroot /Developer/SDKs/MacOSX10.6.sdk -mmacosx-version-min=10.5 -m32 -D_OSX -Wall -Wextra -pipe -ggdb -fPIC -mmmx -msse -msse -msse2 -msse3 -arch i386 -isysroot /Developer/SDKs/MacOSX10.6.sdk -mmacosx-version-min=10.5 -m32 -D_OSX -I/Users/peter/local/include -arch i386 -Wl,-syslibroot,/Developer/SDKs/MacOSX10.6.sdk -mmacosx-version-min=10.5 -m32 conftest.cpp  >&5
configure:6054: $? = 0
configure:6060: ./conftest
configure:6064: $? = 0
configure:6086: result: yes
configure:6117: checking size of void*
configure:6422: g++ -o conftest -arch i386 -isysroot /Developer/SDKs/MacOSX10.6.sdk -mmacosx-version-min=10.5 -m32 -D_OSX -Wall -Wextra -pipe -ggdb -fPIC -mmmx -msse -msse -msse2 -msse3 -arch i386 -isysroot /Developer/SDKs/MacOSX10.6.sdk -mmacosx-version-min=10.5 -m32 -D_OSX -I/Users/peter/local/include -arch i386 -Wl,-syslibroot,/Developer/SDKs/MacOSX10.6.sdk -mmacosx-version-min=10.5 -m32 conftest.cpp  >&5
configure:6426: $? = 0
configure:6432: ./conftest
configure:6436: $? = 0
configure:6462: result: 4
configure:6492: checking for inline asm statement
configure:6503: g++ -c -arch i386 -isysroot /Developer/SDKs/MacOSX10.6.sdk -mmacosx-version-min=10.5 -m32 -D_OSX -Wall -Wextra -pipe -ggdb -fPIC -mmmx -msse -msse -msse2 -msse3 -arch i386 -isysroot /Developer/SDKs/MacOSX10.6.sdk -mmacosx-version-min=10.5 -m32 -D_OSX -I/Users/peter/local/include conftest.cpp >&5
configure:6510: $? = 0
configure:6515: result: yes
configure:6563: checking assembler supports .type pseudo-op
configure:6570: result: no
configure:6665: checking for /opt/local
configure:6680: result: yes
configure:6688: checking for /sw
configure:6703: result: no
configure:6712: Adding /usr/X11R6/include to the build path.
configure:6747: checking dc1394/dc1394.h usability
configure:6764: g++ -c -arch i386 -isysroot /Developer/SDKs/MacOSX10.6.sdk -mmacosx-version-min=10.5 -m32 -D_OSX -Wall -Wextra -pipe -ggdb -fPIC -mmmx -msse -msse -msse2 -msse3 -arch i386 -isysroot /Developer/SDKs/MacOSX10.6.sdk -mmacosx-version-min=10.5 -m32 -D_OSX -I/Users/peter/local/include -I/opt/local/include -I/usr/X11R6/include conftest.cpp >&5
configure:6771: $? = 0
configure:6785: result: yes
configure:6789: checking dc1394/dc1394.h presence
configure:6804: g++ -E -arch i386 -isysroot /Developer/SDKs/MacOSX10.6.sdk -mmacosx-version-min=10.5 -m32 -D_OSX -I/Users/peter/local/include -I/opt/local/include -I/usr/X11R6/include conftest.cpp
configure:6811: $? = 0
configure:6825: result: yes
configure:6853: checking for dc1394/dc1394.h
configure:6862: result: yes
configure:6880: checking for main in -ldc1394
configure:6909: g++ -o conftest -arch i386 -isysroot /Developer/SDKs/MacOSX10.6.sdk -mmacosx-version-min=10.5 -m32 -D_OSX -Wall -Wextra -pipe -ggdb -fPIC -mmmx -msse -msse -msse2 -msse3 -arch i386 -isysroot /Developer/SDKs/MacOSX10.6.sdk -mmacosx-version-min=10.5 -m32 -D_OSX -I/Users/peter/local/include -I/opt/local/include -I/usr/X11R6/include -arch i386 -Wl,-syslibroot,/Developer/SDKs/MacOSX10.6.sdk -mmacosx-version-min=10.5 -m32 conftest.cpp -ldc1394   -L/opt/local/lib >&5
configure:6916: $? = 0
configure:6937: result: yes
configure:7823: checking Carbon and QuickTime framework
configure:7836: g++ -c -arch i386 -isysroot /Developer/SDKs/MacOSX10.6.sdk -mmacosx-version-min=10.5 -m32 -D_OSX -Wall -Wextra -pipe -ggdb -fPIC -mmmx -msse -msse -msse2 -msse3 -arch i386 -isysroot /Developer/SDKs/MacOSX10.6.sdk -mmacosx-version-min=10.5 -m32 -D_OSX -I/Users/peter/local/include -I/opt/local/include -I/usr/X11R6/include conftest.cpp >&5
configure:7843: $? = 0
configure:7848: result: yes
configure:7906: checking for clock_getres in -lrt
configure:7941: g++ -o conftest -arch i386 -isysroot /Developer/SDKs/MacOSX10.6.sdk -mmacosx-version-min=10.5 -m32 -D_OSX -Wall -Wextra -pipe -ggdb -fPIC -mmmx -msse -msse -msse2 -msse3 -arch i386 -isysroot /Developer/SDKs/MacOSX10.6.sdk -mmacosx-version-min=10.5 -m32 -D_OSX -I/Users/peter/local/include -I/opt/local/include -I/usr/X11R6/include -arch i386 -Wl,-syslibroot,/Developer/SDKs/MacOSX10.6.sdk -mmacosx-version-min=10.5 -m32 conftest.cpp -lrt  -ldc1394  -L/opt/local/lib -framework Carbon -framework QuickTime >&5
ld: library not found for -lrt
collect2: ld returned 1 exit status
configure:7948: $? = 1
configure: failed program was:
| /* confdefs.h.  */
| #define PACKAGE_NAME "CVD"
| #define PACKAGE_TARNAME "cvd"
| #define PACKAGE_VERSION "0.8"
| #define PACKAGE_STRING "CVD 0.8"
| #define PACKAGE_BUGREPORT ""
| #define STDC_HEADERS 1
| #define CVD_MAJOR_VERSION 0
| #define CVD_MINOR_VERSION 8
| #define HAVE_SYS_TYPES_H 1
| #define HAVE_SYS_STAT_H 1
| #define HAVE_STDLIB_H 1
| #define HAVE_STRING_H 1
| #define HAVE_MEMORY_H 1
| #define HAVE_STRINGS_H 1
| #define HAVE_INTTYPES_H 1
| #define HAVE_STDINT_H 1
| #define HAVE_UNISTD_H 1
| #define AC_APPLE_UNIVERSAL_BUILD 1
| #define CVD_ARCH_BIG_ENDIAN 1
| #define CVD_HAVE_MMX 1
| #define CVD_HAVE_MMXEXT 1
| #define CVD_HAVE_SSE 1
| #define CVD_HAVE_SSE2 1
| #define CVD_HAVE_SSE3 1
| #define SIZEOF_VOIDP 4
| #define CVD_HAVE_INLINE_ASM 1
| #define HAVE_DC1394_DC1394_H 1
| #define HAVE_LIBDC1394 1
| #define CVD_HAVE_DC1394V2 1
| #define CVD_HAVE_QTBUFFER 1
| /* end confdefs.h.  */
| 
| /* Override any GCC internal prototype to avoid an error.
|    Use char because int might match the return type of a GCC
|    builtin and then its argument prototype would still apply.  */
| #ifdef __cplusplus
| extern "C"
| #endif
| char clock_getres ();
| int
| main ()
| {
| return clock_getres ();
|   ;
|   return 0;
| }
configure:7969: result: no
configure:8703: checking for tr1::shared_ptr
configure:8715: g++ -c -arch i386 -isysroot /Developer/SDKs/MacOSX10.6.sdk -mmacosx-version-min=10.5 -m32 -D_OSX -Wall -Wextra -pipe -ggdb -fPIC -mmmx -msse -msse -msse2 -msse3 -arch i386 -isysroot /Developer/SDKs/MacOSX10.6.sdk -mmacosx-version-min=10.5 -m32 -D_OSX -I/Users/peter/local/include -I/opt/local/include -I/usr/X11R6/include conftest.cpp >&5
configure:8722: $? = 0
configure:8727: result: yes
configure:8777: checking for TooN
configure:8789: g++ -c -arch i386 -isysroot /Developer/SDKs/MacOSX10.6.sdk -mmacosx-version-min=10.5 -m32 -D_OSX -Wall -Wextra -pipe -ggdb -fPIC -mmmx -msse -msse -msse2 -msse3 -arch i386 -isysroot /Developer/SDKs/MacOSX10.6.sdk -mmacosx-version-min=10.5 -m32 -D_OSX -I/Users/peter/local/include -I/opt/local/include -I/usr/X11R6/include conftest.cpp >&5
configure:8796: $? = 0
configure:8801: result: yes
configure:8906: checking for dgesvd_ in -lacml
configure:8941: g++ -o conftest -arch i386 -isysroot /Developer/SDKs/MacOSX10.6.sdk -mmacosx-version-min=10.5 -m32 -D_OSX -Wall -Wextra -pipe -ggdb -fPIC -mmmx -msse -msse -msse2 -msse3 -arch i386 -isysroot /Developer/SDKs/MacOSX10.6.sdk -mmacosx-version-min=10.5 -m32 -D_OSX -I/Users/peter/local/include -I/opt/local/include -I/usr/X11R6/include -arch i386 -Wl,-syslibroot,/Developer/SDKs/MacOSX10.6.sdk -mmacosx-version-min=10.5 -m32 conftest.cpp -lacml  -ldc1394  -L/opt/local/lib -framework Carbon -framework QuickTime  -framework OpenGL /usr/X11R6/lib/libX11.dylib /usr/X11R6/lib/libGLU.dylib /usr/X11R6/lib/libGL.dylib -L/opt/acml/gnu64/lib -lacml_mv >&5
ld: warning: directory not found for option '-L/opt/acml/gnu64/lib'
ld: library not found for -lacml
collect2: ld returned 1 exit status
configure:8948: $? = 1
configure: failed program was:
| /* confdefs.h.  */
| #define PACKAGE_NAME "CVD"
| #define PACKAGE_TARNAME "cvd"
| #define PACKAGE_VERSION "0.8"
| #define PACKAGE_STRING "CVD 0.8"
| #define PACKAGE_BUGREPORT ""
| #define STDC_HEADERS 1
| #define CVD_MAJOR_VERSION 0
| #define CVD_MINOR_VERSION 8
| #define HAVE_SYS_TYPES_H 1
| #define HAVE_SYS_STAT_H 1
| #define HAVE_STDLIB_H 1
| #define HAVE_STRING_H 1
| #define HAVE_MEMORY_H 1
| #define HAVE_STRINGS_H 1
| #define HAVE_INTTYPES_H 1
| #define HAVE_STDINT_H 1
| #define HAVE_UNISTD_H 1
| #define AC_APPLE_UNIVERSAL_BUILD 1
| #define CVD_ARCH_BIG_ENDIAN 1
| #define CVD_HAVE_MMX 1
| #define CVD_HAVE_MMXEXT 1
| #define CVD_HAVE_SSE 1
| #define CVD_HAVE_SSE2 1
| #define CVD_HAVE_SSE3 1
| #define SIZEOF_VOIDP 4
| #define CVD_HAVE_INLINE_ASM 1
| #define HAVE_DC1394_DC1394_H 1
| #define HAVE_LIBDC1394 1
| #define CVD_HAVE_DC1394V2 1
| #define CVD_HAVE_QTBUFFER 1
| #define CVD_HAVE_VIDEODISPLAY 1
| #define CVD_HAVE_TR1_SHARED_PTR 1
| #define CVD_HAVE_TOON 1
| /* end confdefs.h.  */
| 
| /* Override any GCC internal prototype to avoid an error.
|    Use char because int might match the return type of a GCC
|    builtin and then its argument prototype would still apply.  */
| #ifdef __cplusplus
| extern "C"
| #endif
| char dgesvd_ ();
| int
| main ()
| {
| return dgesvd_ ();
|   ;
|   return 0;
| }
configure:8969: result: no
configure:9022: checking if Accelerate framework is needed for LAPACK
configure:9024: result: 
configure:9027: checking for dgesvd_
configure:9083: g++ -o conftest -arch i386 -isysroot /Developer/SDKs/MacOSX10.6.sdk -mmacosx-version-min=10.5 -m32 -D_OSX -Wall -Wextra -pipe -ggdb -fPIC -mmmx -msse -msse -msse2 -msse3 -arch i386 -isysroot /Developer/SDKs/MacOSX10.6.sdk -mmacosx-version-min=10.5 -m32 -D_OSX -I/Users/peter/local/include -I/opt/local/include -I/usr/X11R6/include -arch i386 -Wl,-syslibroot,/Developer/SDKs/MacOSX10.6.sdk -mmacosx-version-min=10.5 -m32 conftest.cpp -ldc1394  -L/opt/local/lib -framework Carbon -framework QuickTime  -framework OpenGL /usr/X11R6/lib/libX11.dylib /usr/X11R6/lib/libGLU.dylib /usr/X11R6/lib/libGL.dylib -framework Accelerate >&5
configure:9090: $? = 0
configure:9110: result: yes
configure:9749: checking for working pthreads
configure:9762: g++ -c -arch i386 -isysroot /Developer/SDKs/MacOSX10.6.sdk -mmacosx-version-min=10.5 -m32 -D_OSX -Wall -Wextra -pipe -ggdb -fPIC -mmmx -msse -msse -msse2 -msse3 -pthread -arch i386 -isysroot /Developer/SDKs/MacOSX10.6.sdk -mmacosx-version-min=10.5 -m32 -D_OSX -I/Users/peter/local/include -I/opt/local/include -I/usr/X11R6/include conftest.cpp >&5
conftest.cpp: In function 'void* foo(void*)':
conftest.cpp:2: warning: control reaches end of non-void function
configure:9769: $? = 0
configure:9774: result: yes
configure:9800: checking for sched_yield
configure:9856: g++ -o conftest -arch i386 -isysroot /Developer/SDKs/MacOSX10.6.sdk -mmacosx-version-min=10.5 -m32 -D_OSX -Wall -Wextra -pipe -ggdb -fPIC -mmmx -msse -msse -msse2 -msse3 -pthread -arch i386 -isysroot /Developer/SDKs/MacOSX10.6.sdk -mmacosx-version-min=10.5 -m32 -D_OSX -I/Users/peter/local/include -I/opt/local/include -I/usr/X11R6/include -arch i386 -Wl,-syslibroot,/Developer/SDKs/MacOSX10.6.sdk -mmacosx-version-min=10.5 -m32 conftest.cpp -ldc1394  -L/opt/local/lib -framework Carbon -framework QuickTime  -framework OpenGL /usr/X11R6/lib/libX11.dylib /usr/X11R6/lib/libGLU.dylib /usr/X11R6/lib/libGL.dylib -framework Accelerate -pthread >&5
configure:9863: $? = 0
configure:9883: result: yes
configure:10139: checking png.h usability
configure:10156: g++ -c -arch i386 -isysroot /Developer/SDKs/MacOSX10.6.sdk -mmacosx-version-min=10.5 -m32 -D_OSX -Wall -Wextra -pipe -ggdb -fPIC -mmmx -msse -msse -msse2 -msse3 -pthread -arch i386 -isysroot /Developer/SDKs/MacOSX10.6.sdk -mmacosx-version-min=10.5 -m32 -D_OSX -I/Users/peter/local/include -I/opt/local/include -I/usr/X11R6/include conftest.cpp >&5
configure:10163: $? = 0
configure:10177: result: yes
configure:10181: checking png.h presence
configure:10196: g++ -E -arch i386 -isysroot /Developer/SDKs/MacOSX10.6.sdk -mmacosx-version-min=10.5 -m32 -D_OSX -I/Users/peter/local/include -I/opt/local/include -I/usr/X11R6/include conftest.cpp
configure:10203: $? = 0
configure:10217: result: yes
configure:10245: checking for png.h
configure:10254: result: yes
configure:10272: checking for png_init_io in -lpng
configure:10307: g++ -o conftest -arch i386 -isysroot /Developer/SDKs/MacOSX10.6.sdk -mmacosx-version-min=10.5 -m32 -D_OSX -Wall -Wextra -pipe -ggdb -fPIC -mmmx -msse -msse -msse2 -msse3 -pthread -arch i386 -isysroot /Developer/SDKs/MacOSX10.6.sdk -mmacosx-version-min=10.5 -m32 -D_OSX -I/Users/peter/local/include -I/opt/local/include -I/usr/X11R6/include -arch i386 -Wl,-syslibroot,/Developer/SDKs/MacOSX10.6.sdk -mmacosx-version-min=10.5 -m32 conftest.cpp -lpng  -ldc1394  -L/opt/local/lib -framework Carbon -framework QuickTime  -framework OpenGL /usr/X11R6/lib/libX11.dylib /usr/X11R6/lib/libGLU.dylib /usr/X11R6/lib/libGL.dylib -framework Accelerate -pthread >&5
configure:10314: $? = 0
configure:10335: result: yes
configure:10350: checking for png_set_expand_gray_1_2_4_to_8 in -lpng
configure:10385: g++ -o conftest -arch i386 -isysroot /Developer/SDKs/MacOSX10.6.sdk -mmacosx-version-min=10.5 -m32 -D_OSX -Wall -Wextra -pipe -ggdb -fPIC -mmmx -msse -msse -msse2 -msse3 -pthread -arch i386 -isysroot /Developer/SDKs/MacOSX10.6.sdk -mmacosx-version-min=10.5 -m32 -D_OSX -I/Users/peter/local/include -I/opt/local/include -I/usr/X11R6/include -arch i386 -Wl,-syslibroot,/Developer/SDKs/MacOSX10.6.sdk -mmacosx-version-min=10.5 -m32 conftest.cpp -lpng  -lpng -ldc1394  -L/opt/local/lib -framework Carbon -framework QuickTime  -framework OpenGL /usr/X11R6/lib/libX11.dylib /usr/X11R6/lib/libGLU.dylib /usr/X11R6/lib/libGL.dylib -framework Accelerate -pthread >&5
configure:10392: $? = 0
configure:10413: result: yes
configure:10487: checking jpeglib.h usability
configure:10504: g++ -c -arch i386 -isysroot /Developer/SDKs/MacOSX10.6.sdk -mmacosx-version-min=10.5 -m32 -D_OSX -Wall -Wextra -pipe -ggdb -fPIC -mmmx -msse -msse -msse2 -msse3 -pthread -arch i386 -isysroot /Developer/SDKs/MacOSX10.6.sdk -mmacosx-version-min=10.5 -m32 -D_OSX -I/Users/peter/local/include -I/opt/local/include -I/usr/X11R6/include conftest.cpp >&5
configure:10511: $? = 0
configure:10525: result: yes
configure:10529: checking jpeglib.h presence
configure:10544: g++ -E -arch i386 -isysroot /Developer/SDKs/MacOSX10.6.sdk -mmacosx-version-min=10.5 -m32 -D_OSX -I/Users/peter/local/include -I/opt/local/include -I/usr/X11R6/include conftest.cpp
configure:10551: $? = 0
configure:10565: result: yes
configure:10593: checking for jpeglib.h
configure:10602: result: yes
configure:10620: checking for jpeg_destroy_decompress in -ljpeg
configure:10655: g++ -o conftest -arch i386 -isysroot /Developer/SDKs/MacOSX10.6.sdk -mmacosx-version-min=10.5 -m32 -D_OSX -Wall -Wextra -pipe -ggdb -fPIC -mmmx -msse -msse -msse2 -msse3 -pthread -arch i386 -isysroot /Developer/SDKs/MacOSX10.6.sdk -mmacosx-version-min=10.5 -m32 -D_OSX -I/Users/peter/local/include -I/opt/local/include -I/usr/X11R6/include -arch i386 -Wl,-syslibroot,/Developer/SDKs/MacOSX10.6.sdk -mmacosx-version-min=10.5 -m32 conftest.cpp -ljpeg  -lpng -lpng -ldc1394  -L/opt/local/lib -framework Carbon -framework QuickTime  -framework OpenGL /usr/X11R6/lib/libX11.dylib /usr/X11R6/lib/libGLU.dylib /usr/X11R6/lib/libGL.dylib -framework Accelerate -pthread >&5
configure:10662: $? = 0
configure:10683: result: yes
configure:10709: checking JPEG read buffer size
configure:10721: result: 1 (safe reading)
configure:10771: checking tiffio.h usability
configure:10788: g++ -c -arch i386 -isysroot /Developer/SDKs/MacOSX10.6.sdk -mmacosx-version-min=10.5 -m32 -D_OSX -Wall -Wextra -pipe -ggdb -fPIC -mmmx -msse -msse -msse2 -msse3 -pthread -arch i386 -isysroot /Developer/SDKs/MacOSX10.6.sdk -mmacosx-version-min=10.5 -m32 -D_OSX -I/Users/peter/local/include -I/opt/local/include -I/usr/X11R6/include conftest.cpp >&5
configure:10795: $? = 0
configure:10809: result: yes
configure:10813: checking tiffio.h presence
configure:10828: g++ -E -arch i386 -isysroot /Developer/SDKs/MacOSX10.6.sdk -mmacosx-version-min=10.5 -m32 -D_OSX -I/Users/peter/local/include -I/opt/local/include -I/usr/X11R6/include conftest.cpp
configure:10835: $? = 0
configure:10849: result: yes
configure:10877: checking for tiffio.h
configure:10886: result: yes
configure:10904: checking for TIFFReadRGBAImage in -ltiff
configure:10939: g++ -o conftest -arch i386 -isysroot /Developer/SDKs/MacOSX10.6.sdk -mmacosx-version-min=10.5 -m32 -D_OSX -Wall -Wextra -pipe -ggdb -fPIC -mmmx -msse -msse -msse2 -msse3 -pthread -arch i386 -isysroot /Developer/SDKs/MacOSX10.6.sdk -mmacosx-version-min=10.5 -m32 -D_OSX -I/Users/peter/local/include -I/opt/local/include -I/usr/X11R6/include -arch i386 -Wl,-syslibroot,/Developer/SDKs/MacOSX10.6.sdk -mmacosx-version-min=10.5 -m32 conftest.cpp -ltiff  -ljpeg -lpng -lpng -ldc1394  -L/opt/local/lib -framework Carbon -framework QuickTime  -framework OpenGL /usr/X11R6/lib/libX11.dylib /usr/X11R6/lib/libGLU.dylib /usr/X11R6/lib/libGL.dylib -framework Accelerate -pthread >&5
configure:10946: $? = 0
configure:10967: result: yes
configure:11358: checking for TIFFReadRGBAImageOriented in -ltiff
configure:11393: g++ -o conftest -arch i386 -isysroot /Developer/SDKs/MacOSX10.6.sdk -mmacosx-version-min=10.5 -m32 -D_OSX -Wall -Wextra -pipe -ggdb -fPIC -mmmx -msse -msse -msse2 -msse3 -pthread -arch i386 -isysroot /Developer/SDKs/MacOSX10.6.sdk -mmacosx-version-min=10.5 -m32 -D_OSX -I/Users/peter/local/include -I/opt/local/include -I/usr/X11R6/include -arch i386 -Wl,-syslibroot,/Developer/SDKs/MacOSX10.6.sdk -mmacosx-version-min=10.5 -m32 conftest.cpp -ltiff  -ltiff -ljpeg -lpng -lpng -ldc1394  -L/opt/local/lib -framework Carbon -framework QuickTime  -framework OpenGL /usr/X11R6/lib/libX11.dylib /usr/X11R6/lib/libGLU.dylib /usr/X11R6/lib/libGL.dylib -framework Accelerate -pthread >&5
configure:11400: $? = 0
configure:11421: result: yes
configure:11956: WARNING: FFMPEG currently requires the use of --enable-gpl
configure:11986: checking for doxygen
configure:12002: found /opt/local/bin/doxygen
configure:12014: result: docs
configure:12074: checking glob.h usability
configure:12091: g++ -c -arch i386 -isysroot /Developer/SDKs/MacOSX10.6.sdk -mmacosx-version-min=10.5 -m32 -D_OSX -Wall -Wextra -pipe -ggdb -fPIC -mmmx -msse -msse -msse2 -msse3 -pthread -arch i386 -isysroot /Developer/SDKs/MacOSX10.6.sdk -mmacosx-version-min=10.5 -m32 -D_OSX -I/Users/peter/local/include -I/opt/local/include -I/usr/X11R6/include conftest.cpp >&5
configure:12098: $? = 0
configure:12112: result: yes
configure:12116: checking glob.h presence
configure:12131: g++ -E -arch i386 -isysroot /Developer/SDKs/MacOSX10.6.sdk -mmacosx-version-min=10.5 -m32 -D_OSX -I/Users/peter/local/include -I/opt/local/include -I/usr/X11R6/include conftest.cpp
configure:12138: $? = 0
configure:12152: result: yes
configure:12180: checking for glob.h
configure:12189: result: yes
configure:12206: checking for glob
configure:12262: g++ -o conftest -arch i386 -isysroot /Developer/SDKs/MacOSX10.6.sdk -mmacosx-version-min=10.5 -m32 -D_OSX -Wall -Wextra -pipe -ggdb -fPIC -mmmx -msse -msse -msse2 -msse3 -pthread -arch i386 -isysroot /Developer/SDKs/MacOSX10.6.sdk -mmacosx-version-min=10.5 -m32 -D_OSX -I/Users/peter/local/include -I/opt/local/include -I/usr/X11R6/include -arch i386 -Wl,-syslibroot,/Developer/SDKs/MacOSX10.6.sdk -mmacosx-version-min=10.5 -m32 conftest.cpp -ltiff -ljpeg -lpng -lpng -ldc1394  -L/opt/local/lib -framework Carbon -framework QuickTime  -framework OpenGL /usr/X11R6/lib/libX11.dylib /usr/X11R6/lib/libGLU.dylib /usr/X11R6/lib/libGL.dylib -framework Accelerate -pthread >&5
configure:12269: $? = 0
configure:12289: result: yes
configure:12309: checking for GLOB_BRACE and GLOB_TILDE in glob.h
configure:12321: g++ -c -arch i386 -isysroot /Developer/SDKs/MacOSX10.6.sdk -mmacosx-version-min=10.5 -m32 -D_OSX -Wall -Wextra -pipe -ggdb -fPIC -mmmx -msse -msse -msse2 -msse3 -pthread -arch i386 -isysroot /Developer/SDKs/MacOSX10.6.sdk -mmacosx-version-min=10.5 -m32 -D_OSX -I/Users/peter/local/include -I/opt/local/include -I/usr/X11R6/include conftest.cpp >&5
configure:12328: $? = 0
configure:12333: result: yes
configure:12369: checking whether feenableexcept is declared
configure:12399: g++ -c -arch i386 -isysroot /Developer/SDKs/MacOSX10.6.sdk -mmacosx-version-min=10.5 -m32 -D_OSX -Wall -Wextra -pipe -ggdb -fPIC -mmmx -msse -msse -msse2 -msse3 -pthread -arch i386 -isysroot /Developer/SDKs/MacOSX10.6.sdk -mmacosx-version-min=10.5 -m32 -D_OSX -I/Users/peter/local/include -I/opt/local/include -I/usr/X11R6/include conftest.cpp >&5
conftest.cpp: In function 'int main()':
conftest.cpp:58: error: 'feenableexcept' was not declared in this scope
configure:12406: $? = 1
configure: failed program was:
| /* confdefs.h.  */
| #define PACKAGE_NAME "CVD"
| #define PACKAGE_TARNAME "cvd"
| #define PACKAGE_VERSION "0.8"
| #define PACKAGE_STRING "CVD 0.8"
| #define PACKAGE_BUGREPORT ""
| #define STDC_HEADERS 1
| #define CVD_MAJOR_VERSION 0
| #define CVD_MINOR_VERSION 8
| #define HAVE_SYS_TYPES_H 1
| #define HAVE_SYS_STAT_H 1
| #define HAVE_STDLIB_H 1
| #define HAVE_STRING_H 1
| #define HAVE_MEMORY_H 1
| #define HAVE_STRINGS_H 1
| #define HAVE_INTTYPES_H 1
| #define HAVE_STDINT_H 1
| #define HAVE_UNISTD_H 1
| #define AC_APPLE_UNIVERSAL_BUILD 1
| #define CVD_ARCH_BIG_ENDIAN 1
| #define CVD_HAVE_MMX 1
| #define CVD_HAVE_MMXEXT 1
| #define CVD_HAVE_SSE 1
| #define CVD_HAVE_SSE2 1
| #define CVD_HAVE_SSE3 1
| #define SIZEOF_VOIDP 4
| #define CVD_HAVE_INLINE_ASM 1
| #define HAVE_DC1394_DC1394_H 1
| #define HAVE_LIBDC1394 1
| #define CVD_HAVE_DC1394V2 1
| #define CVD_HAVE_QTBUFFER 1
| #define CVD_HAVE_VIDEODISPLAY 1
| #define CVD_HAVE_TR1_SHARED_PTR 1
| #define CVD_HAVE_TOON 1
| #define CVD_HAVE_LAPACK 1
| #define CVD_HAVE_PTHREAD 1
| #define HAVE_PNG_H 1
| #define HAVE_LIBPNG 1
| #define HAVE_LIBPNG 1
| #define CVD_HAVE_PNG 1
| #define HAVE_JPEGLIB_H 1
| #define HAVE_LIBJPEG 1
| #define CVD_HAVE_JPEG 1
| #define CVD_INTERNAL_JPEG_BUFFER_SIZE 1
| #define HAVE_TIFFIO_H 1
| #define HAVE_LIBTIFF 1
| #define CVD_HAVE_TIFF 1
| #define CVD_INTERNAL_HAVE_TIFF_ORIENTED 1
| #define HAVE_GLOB_H 1
| #define CVD_HAVE_GLOB 1
| /* end confdefs.h.  */
| #include <fenv.h>
| 
| int
| main ()
| {
| #ifndef feenableexcept
|   (void) feenableexcept;
| #endif
| 
|   ;
|   return 0;
| }
configure:12421: result: no
configure:12451: checking for posix_memalign
configure:12507: g++ -o conftest -arch i386 -isysroot /Developer/SDKs/MacOSX10.6.sdk -mmacosx-version-min=10.5 -m32 -D_OSX -Wall -Wextra -pipe -ggdb -fPIC -mmmx -msse -msse -msse2 -msse3 -pthread -arch i386 -isysroot /Developer/SDKs/MacOSX10.6.sdk -mmacosx-version-min=10.5 -m32 -D_OSX -I/Users/peter/local/include -I/opt/local/include -I/usr/X11R6/include -arch i386 -Wl,-syslibroot,/Developer/SDKs/MacOSX10.6.sdk -mmacosx-version-min=10.5 -m32 conftest.cpp -ltiff -ljpeg -lpng -lpng -ldc1394  -L/opt/local/lib -framework Carbon -framework QuickTime  -framework OpenGL /usr/X11R6/lib/libX11.dylib /usr/X11R6/lib/libGLU.dylib /usr/X11R6/lib/libGL.dylib -framework Accelerate -pthread >&5
configure:12514: $? = 0
configure:12534: result: yes
configure:13011: creating ./config.status

## ---------------------- ##
## Running config.status. ##
## ---------------------- ##

This file was extended by CVD config.status 0.8, which was
generated by GNU Autoconf 2.63.  Invocation command line was

  CONFIG_FILES    = 
  CONFIG_HEADERS  = 
  CONFIG_LINKS    = 
  CONFIG_COMMANDS = 
  $ ./config.status 

on Peters-MacBook-Air.local

config.status:841: creating Makefile

## ---------------- ##
## Cache variables. ##
## ---------------- ##

ac_cv_build=i386-apple-darwin11.2.0
ac_cv_c_bigendian=universal
ac_cv_c_compiler_gnu=yes
ac_cv_cxx_compiler_gnu=yes
ac_cv_env_CCC_set=
ac_cv_env_CCC_value=
ac_cv_env_CC_set=
ac_cv_env_CC_value=
ac_cv_env_CFLAGS_set=set
ac_cv_env_CFLAGS_value='-arch i386 -isysroot /Developer/SDKs/MacOSX10.6.sdk -mmacosx-version-min=10.5 -m32 -D_OSX'
ac_cv_env_CPPFLAGS_set=set
ac_cv_env_CPPFLAGS_value='-arch i386 -isysroot /Developer/SDKs/MacOSX10.6.sdk -mmacosx-version-min=10.5 -m32 -D_OSX'
ac_cv_env_CPP_set=
ac_cv_env_CPP_value=
ac_cv_env_CXXCPP_set=
ac_cv_env_CXXCPP_value=
ac_cv_env_CXXFLAGS_set=set
ac_cv_env_CXXFLAGS_value='-arch i386 -isysroot /Developer/SDKs/MacOSX10.6.sdk -mmacosx-version-min=10.5 -m32 -D_OSX'
ac_cv_env_CXX_set=
ac_cv_env_CXX_value=
ac_cv_env_LDFLAGS_set=set
ac_cv_env_LDFLAGS_value='-arch i386 -Wl,-syslibroot,/Developer/SDKs/MacOSX10.6.sdk -mmacosx-version-min=10.5 -m32'
ac_cv_env_LIBS_set=
ac_cv_env_LIBS_value=
ac_cv_env_XMKMF_set=
ac_cv_env_XMKMF_value=
ac_cv_env_build_alias_set=
ac_cv_env_build_alias_value=
ac_cv_env_host_alias_set=
ac_cv_env_host_alias_value=
ac_cv_env_target_alias_set=
ac_cv_env_target_alias_value=
ac_cv_file__opt_local=yes
ac_cv_file__sw=no
ac_cv_func_dgesvd_=yes
ac_cv_func_glob=yes
ac_cv_func_posix_memalign=yes
ac_cv_func_sched_yield=yes
ac_cv_have_decl_feenableexcept=no
ac_cv_header_dc1394_dc1394_h=yes
ac_cv_header_glob_h=yes
ac_cv_header_inttypes_h=yes
ac_cv_header_jpeglib_h=yes
ac_cv_header_memory_h=yes
ac_cv_header_png_h=yes
ac_cv_header_stdc=yes
ac_cv_header_stdint_h=yes
ac_cv_header_stdlib_h=yes
ac_cv_header_string_h=yes
ac_cv_header_strings_h=yes
ac_cv_header_sys_stat_h=yes
ac_cv_header_sys_types_h=yes
ac_cv_header_tiffio_h=yes
ac_cv_header_unistd_h=yes
ac_cv_host=i386-apple-darwin11.2.0
ac_cv_lib_acml_dgesvd_=no
ac_cv_lib_dc1394_main=yes
ac_cv_lib_jpeg_jpeg_destroy_decompress=yes
ac_cv_lib_png_png_init_io=yes
ac_cv_lib_png_png_set_expand_gray_1_2_4_to_8=yes
ac_cv_lib_rt_clock_getres=no
ac_cv_lib_tiff_TIFFReadRGBAImage=yes
ac_cv_lib_tiff_TIFFReadRGBAImageOriented=yes
ac_cv_objext=o
ac_cv_path_EGREP='/usr/bin/grep -E'
ac_cv_path_GREP=/usr/bin/grep
ac_cv_path_install='/usr/bin/install -c'
ac_cv_prog_AWK=awk
ac_cv_prog_CPP='gcc -E'
ac_cv_prog_CXXCPP='g++ -E'
ac_cv_prog_ac_ct_CC=gcc
ac_cv_prog_ac_ct_CXX=g++
ac_cv_prog_ac_ct_RANLIB=ranlib
ac_cv_prog_cc_c89=
ac_cv_prog_cc_g=yes
ac_cv_prog_cxx_g=yes
ac_cv_prog_docs=docs
ac_cv_sizeof_voidp=4

## ----------------- ##
## Output variables. ##
## ----------------- ##

AWK='awk'
CC='gcc'
CFLAGS='-arch i386 -isysroot /Developer/SDKs/MacOSX10.6.sdk -mmacosx-version-min=10.5 -m32 -D_OSX'
CPP='gcc -E'
CPPFLAGS='-arch i386 -isysroot /Developer/SDKs/MacOSX10.6.sdk -mmacosx-version-min=10.5 -m32 -D_OSX -I/Users/peter/local/include -I/opt/local/include -I/usr/X11R6/include'
CXX='g++'
CXXCPP='g++ -E'
CXXFLAGS='-arch i386 -isysroot /Developer/SDKs/MacOSX10.6.sdk -mmacosx-version-min=10.5 -m32 -D_OSX -Wall -Wextra -pipe -ggdb -fPIC -mmmx -msse -msse -msse2 -msse3 -pthread'
DEFS='-DHAVE_CONFIG_H'
ECHO_C='\c'
ECHO_N=''
ECHO_T=''
EGREP='/usr/bin/grep -E'
EXEEXT=''
GREP='/usr/bin/grep'
INSTALL_DATA='${INSTALL} -m 644'
INSTALL_PROGRAM='${INSTALL}'
INSTALL_SCRIPT='${INSTALL}'
LDFLAGS='-arch i386 -Wl,-syslibroot,/Developer/SDKs/MacOSX10.6.sdk -mmacosx-version-min=10.5 -m32'
LIBOBJS=''
LIBS='-ltiff -ljpeg -lpng -lpng -ldc1394  -L/opt/local/lib -framework Carbon -framework QuickTime  -framework OpenGL /usr/X11R6/lib/libX11.dylib /usr/X11R6/lib/libGLU.dylib /usr/X11R6/lib/libGL.dylib -framework Accelerate -pthread'
LN_S='ln -s'
LTLIBOBJS=''
OBJEXT='o'
OFLAGS=' -O3'
PACKAGE_BUGREPORT=''
PACKAGE_NAME='CVD'
PACKAGE_STRING='CVD 0.8'
PACKAGE_TARNAME='cvd'
PACKAGE_VERSION='0.8'
PATH_SEPARATOR=':'
RANLIB='ranlib'
SHELL='/bin/sh'
XMKMF=''
ac_ct_CC='gcc'
ac_ct_CXX='g++'
bindir='${exec_prefix}/bin'
build='i386-apple-darwin11.2.0'
build_alias=''
build_cpu='i386'
build_os='darwin11.2.0'
build_vendor='apple'
datadir='${datarootdir}'
datarootdir='${prefix}/share'
dep_objects='cvd_src/i686/yuv411_to_stuff_MMX.o cvd_src/SSE2/half_sample.o cvd_src/noarch/convert_rgb_to_y.o cvd_src/i686/convolve_gaussian.o cvd_src/i686/gradient.o cvd_src/noarch/yuv422_wrapper.o cvd_src/i686/median_3x3.o cvd_src/i686/utility_float.o cvd_src/i686/utility_byte_differences.o cvd_src/i686/utility_double_int.o cvd_src/SSE2/two_thirds_sample.o cvd_src/fast/fast_7_detect.o cvd_src/fast/fast_7_score.o cvd_src/slower_corner_7.o cvd_src/fast/fast_8_detect.o cvd_src/fast/fast_8_score.o cvd_src/slower_corner_8.o cvd_src/fast/fast_9_detect.o cvd_src/fast/fast_9_score.o cvd_src/fast_corner_9_nonmax.o cvd_src/fast/fast_10_detect.o cvd_src/fast/fast_10_score.o cvd_src/fast/fast_11_detect.o cvd_src/fast/fast_11_score.o cvd_src/slower_corner_11.o cvd_src/fast/fast_12_detect.o cvd_src/fast/fast_12_score.o cvd_src/faster_corner_9.o cvd_src/faster_corner_10.o cvd_src/faster_corner_12.o cvd_src/Linux/dvbuffer3_dc1394v2.o cvd_src/videosource_dvbuffer.o cvd_src/Linux/videosource_nov4l1buffer.o cvd_src/Linux/videosource_nov4lbuffer.o cvd_src/OSX/qtbuffer.o cvd_src/OSX/videosource_qtbuffer.o cvd_src/cvd_timer.o cvd_src/synchronized.o cvd_src/eventobject.o cvd_src/thread.o cvd_src/posix/sched_yield.o cvd_src/thread/runnable_batch.o cvd_src/noarch/posix_memalign.o cvd_src/videodisplay.o cvd_src/glwindow.o cvd_src/gltext.o pnm_src/jpeg.o pnm_src/tiff.o pnm_src/tiffwrite.o pnm_src/png.o cvd_src/videosource_novideofilebuffer.o cvd_src/globlist.o cvd_src/tensor_voting.o cvd_src/brezenham.o cvd_src/draw_toon.o '
docdir='${datarootdir}/doc/${PACKAGE_TARNAME}'
docs='docs'
dvidir='${docdir}'
exec_prefix='${prefix}'
have_32bit='yes'
have_assembler=''
have_dc1394v1=''
have_dc1394v2='yes'
have_fast10='yes'
have_fast11='yes'
have_fast12='yes'
have_fast7='yes'
have_fast8='yes'
have_fast9='yes'
have_ffmpeg=''
have_glob='yes'
have_inline_asm='yes'
have_jpeg='yes'
have_lapack='yes'
have_linux_2_4=''
have_linux_2_6=''
have_memalign='yes'
have_mmx='yes'
have_mmxext='yes'
have_o2buffer=''
have_png='yes'
have_posix_rt=''
have_pthread='yes'
have_pthread_yield=''
have_pthread_yield_np=''
have_qtbuffer='yes'
have_sched_yield='yes'
have_sse2='yes'
have_sse3='yes'
have_sse='yes'
have_ssefast10='yes'
have_ssefast12='yes'
have_ssefast9='yes'
have_tiff='yes'
have_toon='yes'
have_tr1_shared_ptr='yes'
have_v4l1buffer=''
have_v4l2buffer=''
have_videodisplay='yes'
have_windows=''
have_x86='yes'
host='i386-apple-darwin11.2.0'
host_alias=''
host_cpu='i386'
host_os='darwin11.2.0'
host_vendor='apple'
htmldir='${docdir}'
includedir='${prefix}/include'
infodir='${datarootdir}/info'
libdir='${exec_prefix}/lib'
libexecdir='${exec_prefix}/libexec'
localedir='${datarootdir}/locale'
localstatedir='${prefix}/var'
major='0'
mandir='${datarootdir}/man'
minor='8'
oldincludedir='/usr/include'
osx_hacks='yes'
pdfdir='${docdir}'
prefix='/Users/peter/local'
program_transform_name='s,x,x,'
progs='progs/se3_exp progs/se3_ln progs/se3_pre_mul progs/se3_post_mul progs/se3_inv progs/calibrate progs/cvd_display_image progs/video_play_source '
psdir='${docdir}'
sbindir='${exec_prefix}/sbin'
sharedstatedir='${prefix}/com'
sysconfdir='${prefix}/etc'
target_alias=''
testprogs='test/diskbuffer2 test/test_images test/qtbuffer_yuvrgb test/font test/bayer_test '

## ----------- ##
## confdefs.h. ##
## ----------- ##

#define PACKAGE_NAME "CVD"
#define PACKAGE_TARNAME "cvd"
#define PACKAGE_VERSION "0.8"
#define PACKAGE_STRING "CVD 0.8"
#define PACKAGE_BUGREPORT ""
#define STDC_HEADERS 1
#define CVD_MAJOR_VERSION 0
#define CVD_MINOR_VERSION 8
#define HAVE_SYS_TYPES_H 1
#define HAVE_SYS_STAT_H 1
#define HAVE_STDLIB_H 1
#define HAVE_STRING_H 1
#define HAVE_MEMORY_H 1
#define HAVE_STRINGS_H 1
#define HAVE_INTTYPES_H 1
#define HAVE_STDINT_H 1
#define HAVE_UNISTD_H 1
#define AC_APPLE_UNIVERSAL_BUILD 1
#define CVD_ARCH_BIG_ENDIAN 1
#define CVD_HAVE_MMX 1
#define CVD_HAVE_MMXEXT 1
#define CVD_HAVE_SSE 1
#define CVD_HAVE_SSE2 1
#define CVD_HAVE_SSE3 1
#define SIZEOF_VOIDP 4
#define CVD_HAVE_INLINE_ASM 1
#define HAVE_DC1394_DC1394_H 1
#define HAVE_LIBDC1394 1
#define CVD_HAVE_DC1394V2 1
#define CVD_HAVE_QTBUFFER 1
#define CVD_HAVE_VIDEODISPLAY 1
#define CVD_HAVE_TR1_SHARED_PTR 1
#define CVD_HAVE_TOON 1
#define CVD_HAVE_LAPACK 1
#define CVD_HAVE_PTHREAD 1
#define HAVE_PNG_H 1
#define HAVE_LIBPNG 1
#define HAVE_LIBPNG 1
#define CVD_HAVE_PNG 1
#define HAVE_JPEGLIB_H 1
#define HAVE_LIBJPEG 1
#define CVD_HAVE_JPEG 1
#define CVD_INTERNAL_JPEG_BUFFER_SIZE 1
#define HAVE_TIFFIO_H 1
#define HAVE_LIBTIFF 1
#define CVD_HAVE_TIFF 1
#define CVD_INTERNAL_HAVE_TIFF_ORIENTED 1
#define HAVE_GLOB_H 1
#define CVD_HAVE_GLOB 1
#define CVD_HAVE_MEMALIGN 1
#define CVD_INTERNAL_HAVE_YV402P_MMX 1
#define CVD_HAVE_DVBUFFER3 1

configure: exit 0
