This file contains any messages produced by compilers while
running configure, to aid debugging if configure makes a mistake.

It was created by configure, which was
generated by GNU Autoconf 2.61.  Invocation command line was

  $ ./configure --prefix=/Users/peter/local

## --------- ##
## Platform. ##
## --------- ##

hostname = Peters-MacBook-Air.local
uname -m = x86_64
uname -r = 11.2.0
uname -s = Darwin
uname -v = Darwin Kernel Version 11.2.0: Tue Aug  9 20:54:00 PDT 2011; root:xnu-1699.24.8~1/RELEASE_X86_64

/usr/bin/uname -p = i386
/bin/uname -X     = unknown

/bin/arch              = unknown
/usr/bin/arch -k       = unknown
/usr/convex/getsysinfo = unknown
/usr/bin/hostinfo      = Mach kernel version:
	 Darwin Kernel Version 11.2.0: Tue Aug  9 20:54:00 PDT 2011; root:xnu-1699.24.8~1/RELEASE_X86_64
Kernel configured for up to 4 processors.
2 processors are physically available.
4 processors are logically available.
Processor type: i486 (Intel 80486)
Processors active: 0 1 2 3
Primary memory available: 4.00 gigabytes
Default processor set: 105 tasks, 527 threads, 4 processors
Load average: 3.13, Mach factor: 2.19
/bin/machine           = unknown
/usr/bin/oslevel       = unknown
/bin/universe          = unknown

PATH: /opt/local/bin
PATH: /opt/local/sbin
PATH: /usr/bin
PATH: /bin
PATH: /usr/sbin
PATH: /sbin
PATH: /usr/local/bin
PATH: /usr/X11/bin


## ----------- ##
## Core tests. ##
## ----------- ##

configure:1984: checking for a BSD-compatible install
configure:2040: result: /usr/bin/install -c
configure:2051: checking whether build environment is sane
configure:2094: result: yes
configure:2122: checking for a thread-safe mkdir -p
configure:2161: result: ./install-sh -c -d
configure:2174: checking for gawk
configure:2204: result: no
configure:2174: checking for mawk
configure:2204: result: no
configure:2174: checking for nawk
configure:2204: result: no
configure:2174: checking for awk
configure:2190: found /usr/bin/awk
configure:2201: result: awk
configure:2212: checking whether make sets $(MAKE)
configure:2233: result: yes
configure:2470: checking for gcc
configure:2486: found /usr/bin/gcc
configure:2497: result: gcc
configure:2735: checking for C compiler version
configure:2742: gcc --version >&5
i686-apple-darwin11-llvm-gcc-4.2 (GCC) 4.2.1 (Based on Apple Inc. build 5658) (LLVM build 2336.1.00)
Copyright (C) 2007 Free Software Foundation, Inc.
This is free software; see the source for copying conditions.  There is NO
warranty; not even for MERCHANTABILITY or FITNESS FOR A PARTICULAR PURPOSE.

configure:2745: $? = 0
configure:2752: gcc -v >&5
Using built-in specs.
Target: i686-apple-darwin11
Configured with: /private/var/tmp/llvmgcc42/llvmgcc42-2336.1~22/src/configure --disable-checking --enable-werror --prefix=/Developer/usr/llvm-gcc-4.2 --mandir=/share/man --enable-languages=c,objc,c++,obj-c++ --program-prefix=llvm- --program-transform-name=/^[cg][^.-]*$/s/$/-4.2/ --with-slibdir=/usr/lib --build=i686-apple-darwin11 --enable-llvm=/private/var/tmp/llvmgcc42/llvmgcc42-2336.1~22/dst-llvmCore/Developer/usr/local --program-prefix=i686-apple-darwin11- --host=x86_64-apple-darwin11 --target=i686-apple-darwin11 --with-gxx-include-dir=/usr/include/c++/4.2.1
Thread model: posix
gcc version 4.2.1 (Based on Apple Inc. build 5658) (LLVM build 2336.1.00)
configure:2755: $? = 0
configure:2762: gcc -V >&5
llvm-gcc-4.2: argument to `-V' is missing
configure:2765: $? = 1
configure:2788: checking for C compiler default output file name
configure:2815: gcc -arch i386 -isysroot /Developer/SDKs/MacOSX10.6.sdk -mmacosx-version-min=10.5 -m32 -D_OSX -arch i386 -isysroot /Developer/SDKs/MacOSX10.6.sdk -mmacosx-version-min=10.5 -m32 -D_OSX -arch i386 -Wl,-syslibroot,/Developer/SDKs/MacOSX10.6.sdk -mmacosx-version-min=10.5 -m32 conftest.c  >&5
configure:2818: $? = 0
configure:2856: result: a.out
configure:2873: checking whether the C compiler works
configure:2883: ./a.out
configure:2886: $? = 0
configure:2903: result: yes
configure:2910: checking whether we are cross compiling
configure:2912: result: no
configure:2915: checking for suffix of executables
configure:2922: gcc -o conftest -arch i386 -isysroot /Developer/SDKs/MacOSX10.6.sdk -mmacosx-version-min=10.5 -m32 -D_OSX -arch i386 -isysroot /Developer/SDKs/MacOSX10.6.sdk -mmacosx-version-min=10.5 -m32 -D_OSX -arch i386 -Wl,-syslibroot,/Developer/SDKs/MacOSX10.6.sdk -mmacosx-version-min=10.5 -m32 conftest.c  >&5
configure:2925: $? = 0
configure:2949: result: 
configure:2955: checking for suffix of object files
configure:2981: gcc -c -arch i386 -isysroot /Developer/SDKs/MacOSX10.6.sdk -mmacosx-version-min=10.5 -m32 -D_OSX -arch i386 -isysroot /Developer/SDKs/MacOSX10.6.sdk -mmacosx-version-min=10.5 -m32 -D_OSX conftest.c >&5
configure:2984: $? = 0
configure:3007: result: o
configure:3011: checking whether we are using the GNU C compiler
configure:3040: gcc -c -arch i386 -isysroot /Developer/SDKs/MacOSX10.6.sdk -mmacosx-version-min=10.5 -m32 -D_OSX -arch i386 -isysroot /Developer/SDKs/MacOSX10.6.sdk -mmacosx-version-min=10.5 -m32 -D_OSX conftest.c >&5
configure:3046: $? = 0
configure:3063: result: yes
configure:3068: checking whether gcc accepts -g
configure:3098: gcc -c -g -arch i386 -isysroot /Developer/SDKs/MacOSX10.6.sdk -mmacosx-version-min=10.5 -m32 -D_OSX conftest.c >&5
configure:3104: $? = 0
configure:3203: result: yes
configure:3220: checking for gcc option to accept ISO C89
configure:3294: gcc  -c -arch i386 -isysroot /Developer/SDKs/MacOSX10.6.sdk -mmacosx-version-min=10.5 -m32 -D_OSX -arch i386 -isysroot /Developer/SDKs/MacOSX10.6.sdk -mmacosx-version-min=10.5 -m32 -D_OSX conftest.c >&5
configure:3300: $? = 0
configure:3323: result: none needed
configure:3352: checking for style of include used by make
configure:3380: result: GNU
configure:3405: checking dependency style of gcc
configure:3496: result: gcc3
configure:3589: checking build system type
configure:3607: result: i386-apple-darwin11.2.0
configure:3629: checking host system type
configure:3644: result: i386-apple-darwin11.2.0
configure:3666: checking for a sed that does not truncate output
configure:3722: result: /usr/bin/sed
configure:3725: checking for grep that handles long lines and -e
configure:3799: result: /usr/bin/grep
configure:3804: checking for egrep
configure:3882: result: /usr/bin/grep -E
configure:3898: checking for ld used by gcc
configure:3965: result: /usr/llvm-gcc-4.2/libexec/gcc/i686-apple-darwin11/4.2.1/ld
configure:3974: checking if the linker (/usr/llvm-gcc-4.2/libexec/gcc/i686-apple-darwin11/4.2.1/ld) is GNU ld
configure:3989: result: no
configure:3994: checking for /usr/llvm-gcc-4.2/libexec/gcc/i686-apple-darwin11/4.2.1/ld option to reload object files
configure:4001: result: -r
configure:4019: checking for BSD-compatible nm
configure:4068: result: /usr/bin/nm
configure:4072: checking whether ln -s works
configure:4076: result: yes
configure:4083: checking how to recognize dependent libraries
configure:4269: result: pass_all
configure:4514: checking how to run the C preprocessor
configure:4554: gcc -E -arch i386 -isysroot /Developer/SDKs/MacOSX10.6.sdk -mmacosx-version-min=10.5 -m32 -D_OSX conftest.c
configure:4560: $? = 0
configure:4591: gcc -E -arch i386 -isysroot /Developer/SDKs/MacOSX10.6.sdk -mmacosx-version-min=10.5 -m32 -D_OSX conftest.c
conftest.c:10:28: error: ac_nonexistent.h: No such file or directory
configure:4597: $? = 1
configure: failed program was:
| /* confdefs.h.  */
| #define PACKAGE_NAME ""
| #define PACKAGE_TARNAME ""
| #define PACKAGE_VERSION ""
| #define PACKAGE_STRING ""
| #define PACKAGE_BUGREPORT ""
| #define PACKAGE "lib3ds"
| #define VERSION "2.0.0"
| /* end confdefs.h.  */
| #include <ac_nonexistent.h>
configure:4630: result: gcc -E
configure:4659: gcc -E -arch i386 -isysroot /Developer/SDKs/MacOSX10.6.sdk -mmacosx-version-min=10.5 -m32 -D_OSX conftest.c
configure:4665: $? = 0
configure:4696: gcc -E -arch i386 -isysroot /Developer/SDKs/MacOSX10.6.sdk -mmacosx-version-min=10.5 -m32 -D_OSX conftest.c
conftest.c:10:28: error: ac_nonexistent.h: No such file or directory
configure:4702: $? = 1
configure: failed program was:
| /* confdefs.h.  */
| #define PACKAGE_NAME ""
| #define PACKAGE_TARNAME ""
| #define PACKAGE_VERSION ""
| #define PACKAGE_STRING ""
| #define PACKAGE_BUGREPORT ""
| #define PACKAGE "lib3ds"
| #define VERSION "2.0.0"
| /* end confdefs.h.  */
| #include <ac_nonexistent.h>
configure:4740: checking for ANSI C header files
configure:4770: gcc -c -arch i386 -isysroot /Developer/SDKs/MacOSX10.6.sdk -mmacosx-version-min=10.5 -m32 -D_OSX -arch i386 -isysroot /Developer/SDKs/MacOSX10.6.sdk -mmacosx-version-min=10.5 -m32 -D_OSX conftest.c >&5
configure:4776: $? = 0
configure:4875: gcc -o conftest -arch i386 -isysroot /Developer/SDKs/MacOSX10.6.sdk -mmacosx-version-min=10.5 -m32 -D_OSX -arch i386 -isysroot /Developer/SDKs/MacOSX10.6.sdk -mmacosx-version-min=10.5 -m32 -D_OSX -arch i386 -Wl,-syslibroot,/Developer/SDKs/MacOSX10.6.sdk -mmacosx-version-min=10.5 -m32 conftest.c  >&5
configure:4878: $? = 0
configure:4884: ./conftest
configure:4887: $? = 0
configure:4904: result: yes
configure:4928: checking for sys/types.h
configure:4949: gcc -c -arch i386 -isysroot /Developer/SDKs/MacOSX10.6.sdk -mmacosx-version-min=10.5 -m32 -D_OSX -arch i386 -isysroot /Developer/SDKs/MacOSX10.6.sdk -mmacosx-version-min=10.5 -m32 -D_OSX conftest.c >&5
configure:4955: $? = 0
configure:4971: result: yes
configure:4928: checking for sys/stat.h
configure:4949: gcc -c -arch i386 -isysroot /Developer/SDKs/MacOSX10.6.sdk -mmacosx-version-min=10.5 -m32 -D_OSX -arch i386 -isysroot /Developer/SDKs/MacOSX10.6.sdk -mmacosx-version-min=10.5 -m32 -D_OSX conftest.c >&5
configure:4955: $? = 0
configure:4971: result: yes
configure:4928: checking for stdlib.h
configure:4949: gcc -c -arch i386 -isysroot /Developer/SDKs/MacOSX10.6.sdk -mmacosx-version-min=10.5 -m32 -D_OSX -arch i386 -isysroot /Developer/SDKs/MacOSX10.6.sdk -mmacosx-version-min=10.5 -m32 -D_OSX conftest.c >&5
configure:4955: $? = 0
configure:4971: result: yes
configure:4928: checking for string.h
configure:4949: gcc -c -arch i386 -isysroot /Developer/SDKs/MacOSX10.6.sdk -mmacosx-version-min=10.5 -m32 -D_OSX -arch i386 -isysroot /Developer/SDKs/MacOSX10.6.sdk -mmacosx-version-min=10.5 -m32 -D_OSX conftest.c >&5
configure:4955: $? = 0
configure:4971: result: yes
configure:4928: checking for memory.h
configure:4949: gcc -c -arch i386 -isysroot /Developer/SDKs/MacOSX10.6.sdk -mmacosx-version-min=10.5 -m32 -D_OSX -arch i386 -isysroot /Developer/SDKs/MacOSX10.6.sdk -mmacosx-version-min=10.5 -m32 -D_OSX conftest.c >&5
configure:4955: $? = 0
configure:4971: result: yes
configure:4928: checking for strings.h
configure:4949: gcc -c -arch i386 -isysroot /Developer/SDKs/MacOSX10.6.sdk -mmacosx-version-min=10.5 -m32 -D_OSX -arch i386 -isysroot /Developer/SDKs/MacOSX10.6.sdk -mmacosx-version-min=10.5 -m32 -D_OSX conftest.c >&5
configure:4955: $? = 0
configure:4971: result: yes
configure:4928: checking for inttypes.h
configure:4949: gcc -c -arch i386 -isysroot /Developer/SDKs/MacOSX10.6.sdk -mmacosx-version-min=10.5 -m32 -D_OSX -arch i386 -isysroot /Developer/SDKs/MacOSX10.6.sdk -mmacosx-version-min=10.5 -m32 -D_OSX conftest.c >&5
configure:4955: $? = 0
configure:4971: result: yes
configure:4928: checking for stdint.h
configure:4949: gcc -c -arch i386 -isysroot /Developer/SDKs/MacOSX10.6.sdk -mmacosx-version-min=10.5 -m32 -D_OSX -arch i386 -isysroot /Developer/SDKs/MacOSX10.6.sdk -mmacosx-version-min=10.5 -m32 -D_OSX conftest.c >&5
configure:4955: $? = 0
configure:4971: result: yes
configure:4928: checking for unistd.h
configure:4949: gcc -c -arch i386 -isysroot /Developer/SDKs/MacOSX10.6.sdk -mmacosx-version-min=10.5 -m32 -D_OSX -arch i386 -isysroot /Developer/SDKs/MacOSX10.6.sdk -mmacosx-version-min=10.5 -m32 -D_OSX conftest.c >&5
configure:4955: $? = 0
configure:4971: result: yes
configure:4998: checking dlfcn.h usability
configure:5015: gcc -c -arch i386 -isysroot /Developer/SDKs/MacOSX10.6.sdk -mmacosx-version-min=10.5 -m32 -D_OSX -arch i386 -isysroot /Developer/SDKs/MacOSX10.6.sdk -mmacosx-version-min=10.5 -m32 -D_OSX conftest.c >&5
configure:5021: $? = 0
configure:5035: result: yes
configure:5039: checking dlfcn.h presence
configure:5054: gcc -E -arch i386 -isysroot /Developer/SDKs/MacOSX10.6.sdk -mmacosx-version-min=10.5 -m32 -D_OSX conftest.c
configure:5060: $? = 0
configure:5074: result: yes
configure:5102: checking for dlfcn.h
configure:5110: result: yes
configure:5181: checking for g++
configure:5197: found /usr/bin/g++
configure:5208: result: g++
configure:5239: checking for C++ compiler version
configure:5246: g++ --version >&5
i686-apple-darwin11-llvm-g++-4.2 (GCC) 4.2.1 (Based on Apple Inc. build 5658) (LLVM build 2336.1.00)
Copyright (C) 2007 Free Software Foundation, Inc.
This is free software; see the source for copying conditions.  There is NO
warranty; not even for MERCHANTABILITY or FITNESS FOR A PARTICULAR PURPOSE.

configure:5249: $? = 0
configure:5256: g++ -v >&5
Using built-in specs.
Target: i686-apple-darwin11
Configured with: /private/var/tmp/llvmgcc42/llvmgcc42-2336.1~22/src/configure --disable-checking --enable-werror --prefix=/Developer/usr/llvm-gcc-4.2 --mandir=/share/man --enable-languages=c,objc,c++,obj-c++ --program-prefix=llvm- --program-transform-name=/^[cg][^.-]*$/s/$/-4.2/ --with-slibdir=/usr/lib --build=i686-apple-darwin11 --enable-llvm=/private/var/tmp/llvmgcc42/llvmgcc42-2336.1~22/dst-llvmCore/Developer/usr/local --program-prefix=i686-apple-darwin11- --host=x86_64-apple-darwin11 --target=i686-apple-darwin11 --with-gxx-include-dir=/usr/include/c++/4.2.1
Thread model: posix
gcc version 4.2.1 (Based on Apple Inc. build 5658) (LLVM build 2336.1.00)
configure:5259: $? = 0
configure:5266: g++ -V >&5
llvm-g++-4.2: argument to `-V' is missing
configure:5269: $? = 1
configure:5272: checking whether we are using the GNU C++ compiler
configure:5301: g++ -c -arch i386 -isysroot /Developer/SDKs/MacOSX10.6.sdk -mmacosx-version-min=10.5 -m32 -D_OSX -arch i386 -isysroot /Developer/SDKs/MacOSX10.6.sdk -mmacosx-version-min=10.5 -m32 -D_OSX conftest.cpp >&5
configure:5307: $? = 0
configure:5324: result: yes
configure:5329: checking whether g++ accepts -g
configure:5359: g++ -c -g -arch i386 -isysroot /Developer/SDKs/MacOSX10.6.sdk -mmacosx-version-min=10.5 -m32 -D_OSX conftest.cpp >&5
configure:5365: $? = 0
configure:5464: result: yes
configure:5489: checking dependency style of g++
configure:5580: result: gcc3
configure:5605: checking how to run the C++ preprocessor
configure:5641: g++ -E -arch i386 -isysroot /Developer/SDKs/MacOSX10.6.sdk -mmacosx-version-min=10.5 -m32 -D_OSX conftest.cpp
configure:5647: $? = 0
configure:5678: g++ -E -arch i386 -isysroot /Developer/SDKs/MacOSX10.6.sdk -mmacosx-version-min=10.5 -m32 -D_OSX conftest.cpp
conftest.cpp:21:28: error: ac_nonexistent.h: No such file or directory
configure:5684: $? = 1
configure: failed program was:
| /* confdefs.h.  */
| #define PACKAGE_NAME ""
| #define PACKAGE_TARNAME ""
| #define PACKAGE_VERSION ""
| #define PACKAGE_STRING ""
| #define PACKAGE_BUGREPORT ""
| #define PACKAGE "lib3ds"
| #define VERSION "2.0.0"
| #define STDC_HEADERS 1
| #define HAVE_SYS_TYPES_H 1
| #define HAVE_SYS_STAT_H 1
| #define HAVE_STDLIB_H 1
| #define HAVE_STRING_H 1
| #define HAVE_MEMORY_H 1
| #define HAVE_STRINGS_H 1
| #define HAVE_INTTYPES_H 1
| #define HAVE_STDINT_H 1
| #define HAVE_UNISTD_H 1
| #define HAVE_DLFCN_H 1
| /* end confdefs.h.  */
| #include <ac_nonexistent.h>
configure:5717: result: g++ -E
configure:5746: g++ -E -arch i386 -isysroot /Developer/SDKs/MacOSX10.6.sdk -mmacosx-version-min=10.5 -m32 -D_OSX conftest.cpp
configure:5752: $? = 0
configure:5783: g++ -E -arch i386 -isysroot /Developer/SDKs/MacOSX10.6.sdk -mmacosx-version-min=10.5 -m32 -D_OSX conftest.cpp
conftest.cpp:21:28: error: ac_nonexistent.h: No such file or directory
configure:5789: $? = 1
configure: failed program was:
| /* confdefs.h.  */
| #define PACKAGE_NAME ""
| #define PACKAGE_TARNAME ""
| #define PACKAGE_VERSION ""
| #define PACKAGE_STRING ""
| #define PACKAGE_BUGREPORT ""
| #define PACKAGE "lib3ds"
| #define VERSION "2.0.0"
| #define STDC_HEADERS 1
| #define HAVE_SYS_TYPES_H 1
| #define HAVE_SYS_STAT_H 1
| #define HAVE_STDLIB_H 1
| #define HAVE_STRING_H 1
| #define HAVE_MEMORY_H 1
| #define HAVE_STRINGS_H 1
| #define HAVE_INTTYPES_H 1
| #define HAVE_STDINT_H 1
| #define HAVE_UNISTD_H 1
| #define HAVE_DLFCN_H 1
| /* end confdefs.h.  */
| #include <ac_nonexistent.h>
configure:5882: checking for g77
configure:5912: result: no
configure:5882: checking for xlf
configure:5912: result: no
configure:5882: checking for f77
configure:5912: result: no
configure:5882: checking for frt
configure:5912: result: no
configure:5882: checking for pgf77
configure:5912: result: no
configure:5882: checking for cf77
configure:5912: result: no
configure:5882: checking for fort77
configure:5912: result: no
configure:5882: checking for fl32
configure:5912: result: no
configure:5882: checking for af77
configure:5912: result: no
configure:5882: checking for xlf90
configure:5912: result: no
configure:5882: checking for f90
configure:5912: result: no
configure:5882: checking for pgf90
configure:5912: result: no
configure:5882: checking for pghpf
configure:5912: result: no
configure:5882: checking for epcf90
configure:5912: result: no
configure:5882: checking for gfortran
configure:5912: result: no
configure:5882: checking for g95
configure:5912: result: no
configure:5882: checking for xlf95
configure:5912: result: no
configure:5882: checking for f95
configure:5912: result: no
configure:5882: checking for fort
configure:5912: result: no
configure:5882: checking for ifort
configure:5912: result: no
configure:5882: checking for ifc
configure:5912: result: no
configure:5882: checking for efc
configure:5912: result: no
configure:5882: checking for pgf95
configure:5912: result: no
configure:5882: checking for lf95
configure:5912: result: no
configure:5882: checking for ftn
configure:5912: result: no
configure:5939: checking for Fortran 77 compiler version
configure:5946:  --version >&5
./configure: line 5947: --version: command not found
configure:5949: $? = 127
configure:5956:  -v >&5
./configure: line 5957: -v: command not found
configure:5959: $? = 127
configure:5966:  -V >&5
./configure: line 5967: -V: command not found
configure:5969: $? = 127
configure:5977: checking whether we are using the GNU Fortran 77 compiler
configure:5996:  -c  conftest.F >&5
./configure: line 5997: -c: command not found
configure:6002: $? = 127
configure: failed program was:
|       program main
| #ifndef __GNUC__
|        choke me
| #endif
| 
|       end
configure:6019: result: no
configure:6025: checking whether  accepts -g
configure:6042:  -c -g conftest.f >&5
./configure: line 6043: -c: command not found
configure:6048: $? = 127
configure: failed program was:
|       program main
| 
|       end
configure:6064: result: no
configure:6093: checking the maximum length of command line arguments
configure:6205: result: 196608
configure:6217: checking command to parse /usr/bin/nm output from gcc object
configure:6322: gcc -c -arch i386 -isysroot /Developer/SDKs/MacOSX10.6.sdk -mmacosx-version-min=10.5 -m32 -D_OSX -arch i386 -isysroot /Developer/SDKs/MacOSX10.6.sdk -mmacosx-version-min=10.5 -m32 -D_OSX conftest.c >&5
configure:6325: $? = 0
configure:6329: /usr/bin/nm conftest.o \| sed -n -e 's/^.*[ 	]\([BCDEGRST][BCDEGRST]*\)[ 	][ 	]*\([_A-Za-z][_A-Za-z0-9]*\)$/\1 \2 \2/p' \> conftest.nm
configure:6332: $? = 0
cannot find nm_test_var in conftest.nm
configure:6322: gcc -c -arch i386 -isysroot /Developer/SDKs/MacOSX10.6.sdk -mmacosx-version-min=10.5 -m32 -D_OSX -arch i386 -isysroot /Developer/SDKs/MacOSX10.6.sdk -mmacosx-version-min=10.5 -m32 -D_OSX conftest.c >&5
configure:6325: $? = 0
configure:6329: /usr/bin/nm conftest.o \| sed -n -e 's/^.*[ 	]\([BCDEGRST][BCDEGRST]*\)[ 	][ 	]*_\([_A-Za-z][_A-Za-z0-9]*\)$/\1 _\2 \2/p' \> conftest.nm
configure:6332: $? = 0
configure:6384: gcc -o conftest -arch i386 -isysroot /Developer/SDKs/MacOSX10.6.sdk -mmacosx-version-min=10.5 -m32 -D_OSX -arch i386 -isysroot /Developer/SDKs/MacOSX10.6.sdk -mmacosx-version-min=10.5 -m32 -D_OSX -arch i386 -Wl,-syslibroot,/Developer/SDKs/MacOSX10.6.sdk -mmacosx-version-min=10.5 -m32 conftest.c conftstm.o >&5
configure:6387: $? = 0
configure:6425: result: ok
configure:6429: checking for objdir
configure:6444: result: .libs
configure:6536: checking for ar
configure:6552: found /usr/bin/ar
configure:6563: result: ar
configure:6632: checking for ranlib
configure:6648: found /usr/bin/ranlib
configure:6659: result: ranlib
configure:6728: checking for strip
configure:6744: found /usr/bin/strip
configure:6755: result: strip
configure:7012: checking for dsymutil
configure:7028: found /usr/bin/dsymutil
configure:7039: result: dsymutil
configure:7108: checking for nmedit
configure:7124: found /usr/bin/nmedit
configure:7135: result: nmedit
configure:7162: checking for -single_module linker flag
configure:7183: result: yes
configure:7185: checking for -exported_symbols_list linker flag
configure:7215: gcc -o conftest -arch i386 -isysroot /Developer/SDKs/MacOSX10.6.sdk -mmacosx-version-min=10.5 -m32 -D_OSX -arch i386 -isysroot /Developer/SDKs/MacOSX10.6.sdk -mmacosx-version-min=10.5 -m32 -D_OSX -arch i386 -Wl,-syslibroot,/Developer/SDKs/MacOSX10.6.sdk -mmacosx-version-min=10.5 -m32 -Wl,-exported_symbols_list,conftest.sym conftest.c  >&5
configure:7221: $? = 0
configure:7240: result: yes
configure:7353: checking if gcc supports -fno-rtti -fno-exceptions
configure:7371: gcc -c -arch i386 -isysroot /Developer/SDKs/MacOSX10.6.sdk -mmacosx-version-min=10.5 -m32 -D_OSX -arch i386 -isysroot /Developer/SDKs/MacOSX10.6.sdk -mmacosx-version-min=10.5 -m32 -D_OSX -fno-rtti -fno-exceptions conftest.c >&5
cc1: warning: command line option "-fno-rtti" is valid for C++/ObjC++ but not for C
configure:7375: $? = 0
configure:7388: result: no
configure:7403: checking for gcc option to produce PIC
configure:7635: result: -fno-common
configure:7643: checking if gcc PIC flag -fno-common works
configure:7661: gcc -c -arch i386 -isysroot /Developer/SDKs/MacOSX10.6.sdk -mmacosx-version-min=10.5 -m32 -D_OSX -arch i386 -isysroot /Developer/SDKs/MacOSX10.6.sdk -mmacosx-version-min=10.5 -m32 -D_OSX -fno-common -DPIC conftest.c >&5
configure:7665: $? = 0
configure:7678: result: yes
configure:7706: checking if gcc static flag -static works
configure:7734: result: no
configure:7744: checking if gcc supports -c -o file.o
configure:7765: gcc -c -arch i386 -isysroot /Developer/SDKs/MacOSX10.6.sdk -mmacosx-version-min=10.5 -m32 -D_OSX -arch i386 -isysroot /Developer/SDKs/MacOSX10.6.sdk -mmacosx-version-min=10.5 -m32 -D_OSX -o out/conftest2.o conftest.c >&5
configure:7769: $? = 0
configure:7791: result: yes
configure:7817: checking whether the gcc linker (/usr/llvm-gcc-4.2/libexec/gcc/i686-apple-darwin11/4.2.1/ld) supports shared libraries
configure:8798: result: yes
configure:8865: checking dynamic linker characteristics
configure:9479: result: darwin11.2.0 dyld
configure:9503: checking how to hardcode library paths into programs
configure:9528: result: immediate
configure:9542: checking whether stripping libraries is possible
configure:9556: result: yes
configure:10349: checking if libtool supports shared libraries
configure:10351: result: yes
configure:10354: checking whether to build shared libraries
configure:10375: result: yes
configure:10378: checking whether to build static libraries
configure:10382: result: yes
configure:10476: creating libtool
configure:11069: checking for ld used by g++
configure:11136: result: /usr/llvm-gcc-4.2/libexec/gcc/i686-apple-darwin11/4.2.1/ld
configure:11145: checking if the linker (/usr/llvm-gcc-4.2/libexec/gcc/i686-apple-darwin11/4.2.1/ld) is GNU ld
configure:11160: result: no
configure:11211: checking whether the g++ linker (/usr/llvm-gcc-4.2/libexec/gcc/i686-apple-darwin11/4.2.1/ld) supports shared libraries
configure:12157: result: yes
configure:12174: g++ -c -arch i386 -isysroot /Developer/SDKs/MacOSX10.6.sdk -mmacosx-version-min=10.5 -m32 -D_OSX -arch i386 -isysroot /Developer/SDKs/MacOSX10.6.sdk -mmacosx-version-min=10.5 -m32 -D_OSX conftest.cpp >&5
configure:12177: $? = 0
configure:12333: checking for g++ option to produce PIC
configure:12617: result: -fno-common
configure:12625: checking if g++ PIC flag -fno-common works
configure:12643: g++ -c -arch i386 -isysroot /Developer/SDKs/MacOSX10.6.sdk -mmacosx-version-min=10.5 -m32 -D_OSX -arch i386 -isysroot /Developer/SDKs/MacOSX10.6.sdk -mmacosx-version-min=10.5 -m32 -D_OSX -fno-common -DPIC conftest.cpp >&5
configure:12647: $? = 0
configure:12660: result: yes
configure:12688: checking if g++ static flag -static works
configure:12716: result: no
configure:12726: checking if g++ supports -c -o file.o
configure:12747: g++ -c -arch i386 -isysroot /Developer/SDKs/MacOSX10.6.sdk -mmacosx-version-min=10.5 -m32 -D_OSX -arch i386 -isysroot /Developer/SDKs/MacOSX10.6.sdk -mmacosx-version-min=10.5 -m32 -D_OSX -o out/conftest2.o conftest.cpp >&5
configure:12751: $? = 0
configure:12773: result: yes
configure:12799: checking whether the g++ linker (/usr/llvm-gcc-4.2/libexec/gcc/i686-apple-darwin11/4.2.1/ld) supports shared libraries
configure:12828: result: yes
configure:12895: checking dynamic linker characteristics
configure:13457: result: darwin11.2.0 dyld
configure:13481: checking how to hardcode library paths into programs
configure:13506: result: immediate
configure:19879: creating ./config.status

## ---------------------- ##
## Running config.status. ##
## ---------------------- ##

This file was extended by config.status, which was
generated by GNU Autoconf 2.61.  Invocation command line was

  CONFIG_FILES    = 
  CONFIG_HEADERS  = 
  CONFIG_LINKS    = 
  CONFIG_COMMANDS = 
  $ ./config.status 

on Peters-MacBook-Air.local

config.status:675: creating lib3ds-config
config.status:675: creating Makefile
config.status:675: creating src/Makefile
config.status:675: creating examples/Makefile
config.status:675: creating examples/3ds2obj/Makefile
config.status:675: creating examples/3dsdump/Makefile
config.status:675: creating examples/cube/Makefile
config.status:675: creating config.h
config.status:949: executing depfiles commands
config.status:949: executing default commands

## ---------------- ##
## Cache variables. ##
## ---------------- ##

ac_cv_build=i386-apple-darwin11.2.0
ac_cv_c_compiler_gnu=yes
ac_cv_cxx_compiler_gnu=yes
ac_cv_env_CCC_set=
ac_cv_env_CCC_value=
ac_cv_env_CC_set=
ac_cv_env_CC_value=
ac_cv_env_CFLAGS_set=set
ac_cv_env_CFLAGS_value='-arch i386 -isysroot /Developer/SDKs/MacOSX10.6.sdk -mmacosx-version-min=10.5 -m32 -D_OSX'
ac_cv_env_CPPFLAGS_set=set
ac_cv_env_CPPFLAGS_value='-arch i386 -isysroot /Developer/SDKs/MacOSX10.6.sdk -mmacosx-version-min=10.5 -m32 -D_OSX'
ac_cv_env_CPP_set=
ac_cv_env_CPP_value=
ac_cv_env_CXXCPP_set=
ac_cv_env_CXXCPP_value=
ac_cv_env_CXXFLAGS_set=set
ac_cv_env_CXXFLAGS_value='-arch i386 -isysroot /Developer/SDKs/MacOSX10.6.sdk -mmacosx-version-min=10.5 -m32 -D_OSX'
ac_cv_env_CXX_set=
ac_cv_env_CXX_value=
ac_cv_env_F77_set=
ac_cv_env_F77_value=
ac_cv_env_FFLAGS_set=
ac_cv_env_FFLAGS_value=
ac_cv_env_LDFLAGS_set=set
ac_cv_env_LDFLAGS_value='-arch i386 -Wl,-syslibroot,/Developer/SDKs/MacOSX10.6.sdk -mmacosx-version-min=10.5 -m32'
ac_cv_env_LIBS_set=
ac_cv_env_LIBS_value=
ac_cv_env_build_alias_set=
ac_cv_env_build_alias_value=
ac_cv_env_host_alias_set=
ac_cv_env_host_alias_value=
ac_cv_env_target_alias_set=
ac_cv_env_target_alias_value=
ac_cv_f77_compiler_gnu=no
ac_cv_header_dlfcn_h=yes
ac_cv_header_inttypes_h=yes
ac_cv_header_memory_h=yes
ac_cv_header_stdc=yes
ac_cv_header_stdint_h=yes
ac_cv_header_stdlib_h=yes
ac_cv_header_string_h=yes
ac_cv_header_strings_h=yes
ac_cv_header_sys_stat_h=yes
ac_cv_header_sys_types_h=yes
ac_cv_header_unistd_h=yes
ac_cv_host=i386-apple-darwin11.2.0
ac_cv_objext=o
ac_cv_path_EGREP='/usr/bin/grep -E'
ac_cv_path_GREP=/usr/bin/grep
ac_cv_path_install='/usr/bin/install -c'
ac_cv_prog_AWK=awk
ac_cv_prog_CPP='gcc -E'
ac_cv_prog_CXXCPP='g++ -E'
ac_cv_prog_ac_ct_AR=ar
ac_cv_prog_ac_ct_CC=gcc
ac_cv_prog_ac_ct_CXX=g++
ac_cv_prog_ac_ct_DSYMUTIL=dsymutil
ac_cv_prog_ac_ct_NMEDIT=nmedit
ac_cv_prog_ac_ct_RANLIB=ranlib
ac_cv_prog_ac_ct_STRIP=strip
ac_cv_prog_cc_c89=
ac_cv_prog_cc_g=yes
ac_cv_prog_cxx_g=yes
ac_cv_prog_f77_g=no
ac_cv_prog_make_make_set=yes
am_cv_CC_dependencies_compiler_type=gcc3
am_cv_CXX_dependencies_compiler_type=gcc3
lt_cv_apple_cc_single_mod=yes
lt_cv_deplibs_check_method=pass_all
lt_cv_file_magic_cmd='$MAGIC_CMD'
lt_cv_file_magic_test_file=
lt_cv_ld_exported_symbols_list=yes
lt_cv_ld_reload_flag=-r
lt_cv_objdir=.libs
lt_cv_path_LD=/usr/llvm-gcc-4.2/libexec/gcc/i686-apple-darwin11/4.2.1/ld
lt_cv_path_LDCXX=/usr/llvm-gcc-4.2/libexec/gcc/i686-apple-darwin11/4.2.1/ld
lt_cv_path_NM=/usr/bin/nm
lt_cv_path_SED=/usr/bin/sed
lt_cv_prog_compiler_c_o=yes
lt_cv_prog_compiler_c_o_CXX=yes
lt_cv_prog_compiler_pic_works=yes
lt_cv_prog_compiler_pic_works_CXX=yes
lt_cv_prog_compiler_rtti_exceptions=no
lt_cv_prog_compiler_static_works=no
lt_cv_prog_compiler_static_works_CXX=no
lt_cv_prog_gnu_ld=no
lt_cv_prog_gnu_ldcxx=no
lt_cv_sys_global_symbol_pipe='sed -n -e '\''s/^.*[ 	]\([BCDEGRST][BCDEGRST]*\)[ 	][ 	]*_\([_A-Za-z][_A-Za-z0-9]*\)$/\1 _\2 \2/p'\'''
lt_cv_sys_global_symbol_to_c_name_address='sed -n -e '\''s/^: \([^ ]*\) $/  {\"\1\", (lt_ptr) 0},/p'\'' -e '\''s/^[BCDEGRST] \([^ ]*\) \([^ ]*\)$/  {"\2", (lt_ptr) \&\2},/p'\'''
lt_cv_sys_global_symbol_to_cdecl='sed -n -e '\''s/^. .* \(.*\)$/extern int \1;/p'\'''
lt_cv_sys_lib_dlsearch_path_spec='/usr/local/lib /lib /usr/lib'
lt_cv_sys_lib_search_path_spec='/usr/llvm-gcc-4.2/lib/gcc/i686-apple-darwin11/4.2.1/x86_64 /Developer/usr/llvm-gcc-4.2/lib/gcc/i686-apple-darwin11/4.2.1/x86_64 /usr/lib /usr/llvm-gcc-4.2/lib/gcc/i686-apple-darwin11/4.2.1 /usr/llvm-gcc-4.2/lib/gcc /Developer/usr/llvm-gcc-4.2/lib/gcc/i686-apple-darwin11/4.2.1 /usr/llvm-gcc-4.2/lib /Developer/usr/llvm-gcc-4.2/lib /usr/local/lib'
lt_cv_sys_max_cmd_len=196608
lt_lt_cv_prog_compiler_c_o='"yes"'
lt_lt_cv_prog_compiler_c_o_CXX='"yes"'
lt_lt_cv_sys_global_symbol_pipe='"sed -n -e '\''s/^.*[ 	]\\([BCDEGRST][BCDEGRST]*\\)[ 	][ 	]*_\\([_A-Za-z][_A-Za-z0-9]*\\)\$/\\1 _\\2 \\2/p'\''"'
lt_lt_cv_sys_global_symbol_to_c_name_address='"sed -n -e '\''s/^: \\([^ ]*\\) \$/  {\\\"\\1\\\", (lt_ptr) 0},/p'\'' -e '\''s/^[BCDEGRST] \\([^ ]*\\) \\([^ ]*\\)\$/  {\"\\2\", (lt_ptr) \\&\\2},/p'\''"'
lt_lt_cv_sys_global_symbol_to_cdecl='"sed -n -e '\''s/^. .* \\(.*\\)\$/extern int \\1;/p'\''"'

## ----------------- ##
## Output variables. ##
## ----------------- ##

ACLOCAL='${SHELL} /Users/peter/Dropbox/Thesis/PTAMM/lib3ds-20080909/missing --run aclocal-1.10'
AMDEPBACKSLASH='\'
AMDEP_FALSE='#'
AMDEP_TRUE=''
AMTAR='${SHELL} /Users/peter/Dropbox/Thesis/PTAMM/lib3ds-20080909/missing --run tar'
AR='ar'
AUTOCONF='${SHELL} /Users/peter/Dropbox/Thesis/PTAMM/lib3ds-20080909/missing --run autoconf'
AUTOHEADER='${SHELL} /Users/peter/Dropbox/Thesis/PTAMM/lib3ds-20080909/missing --run autoheader'
AUTOMAKE='${SHELL} /Users/peter/Dropbox/Thesis/PTAMM/lib3ds-20080909/missing --run automake-1.10'
AWK='awk'
CC='gcc'
CCDEPMODE='depmode=gcc3'
CFLAGS='-arch i386 -isysroot /Developer/SDKs/MacOSX10.6.sdk -mmacosx-version-min=10.5 -m32 -D_OSX'
CPP='gcc -E'
CPPFLAGS='-arch i386 -isysroot /Developer/SDKs/MacOSX10.6.sdk -mmacosx-version-min=10.5 -m32 -D_OSX'
CXX='g++'
CXXCPP='g++ -E'
CXXDEPMODE='depmode=gcc3'
CXXFLAGS='-arch i386 -isysroot /Developer/SDKs/MacOSX10.6.sdk -mmacosx-version-min=10.5 -m32 -D_OSX'
CYGPATH_W='echo'
DEFS='-DHAVE_CONFIG_H'
DEPDIR='.deps'
DSYMUTIL='dsymutil'
ECHO='/bin/echo'
ECHO_C='ECHO_N=''
ECHO_T=''
EGREP='/usr/bin/grep -E'
EXEEXT=''
F77=''
FFLAGS=''
GREP='/usr/bin/grep'
INSTALL_DATA='${INSTALL} -m 644'
INSTALL_PROGRAM='${INSTALL}'
INSTALL_SCRIPT='${INSTALL}'
INSTALL_STRIP_PROGRAM='$(install_sh) -c -s'
LDFLAGS='-arch i386 -Wl,-syslibroot,/Developer/SDKs/MacOSX10.6.sdk -mmacosx-version-min=10.5 -m32'
LIB3DS_MAJOR_VERSION='2'
LIB3DS_MICRO_VERSION='0'
LIB3DS_MINOR_VERSION='0'
LIB3DS_VERSION='2.0.0'
LIBOBJS=''
LIBS=''
LIBTOOL='$(SHELL) $(top_builddir)/libtool'
LN_S='ln -s'
LTLIBOBJS=''
MAKEINFO='${SHELL} /Users/peter/Dropbox/Thesis/PTAMM/lib3ds-20080909/missing --run makeinfo'
NMEDIT='nmedit'
OBJEXT='o'
PACKAGE='lib3ds'
PACKAGE_BUGREPORT=''
PACKAGE_NAME=''
PACKAGE_STRING=''
PACKAGE_TARNAME=''
PACKAGE_VERSION=''
PATH_SEPARATOR=':'
RANLIB='ranlib'
SED='/usr/bin/sed'
SET_MAKE=''
SHELL='/bin/sh'
STRIP='strip'
VERSION='2.0.0'
ac_ct_CC='gcc'
ac_ct_CXX='g++'
ac_ct_F77=''
am__fastdepCC_FALSE='#'
am__fastdepCC_TRUE=''
am__fastdepCXX_FALSE='#'
am__fastdepCXX_TRUE=''
am__include='include'
am__isrc=''
am__leading_dot='.'
am__quote=''
am__tar='${AMTAR} chof - "$$tardir"'
am__untar='${AMTAR} xf -'
bindir='${exec_prefix}/bin'
build='i386-apple-darwin11.2.0'
build_alias=''
build_cpu='i386'
build_os='darwin11.2.0'
build_vendor='apple'
datadir='${datarootdir}'
datarootdir='${prefix}/share'
docdir='${datarootdir}/doc/${PACKAGE}'
dvidir='${docdir}'
exec_prefix='${prefix}'
host='i386-apple-darwin11.2.0'
host_alias=''
host_cpu='i386'
host_os='darwin11.2.0'
host_vendor='apple'
htmldir='${docdir}'
includedir='${prefix}/include'
infodir='${datarootdir}/info'
install_sh='$(SHELL) /Users/peter/Dropbox/Thesis/PTAMM/lib3ds-20080909/install-sh'
libdir='${exec_prefix}/lib'
libexecdir='${exec_prefix}/libexec'
localedir='${datarootdir}/locale'
localstatedir='${prefix}/var'
mandir='${datarootdir}/man'
mkdir_p='$(top_builddir)/./install-sh -c -d'
oldincludedir='/usr/include'
pdfdir='${docdir}'
prefix='/Users/peter/local'
program_transform_name='s,x,x,'
psdir='${docdir}'
sbindir='${exec_prefix}/sbin'
sharedstatedir='${prefix}/com'
sysconfdir='${prefix}/etc'
target_alias=''

## ----------- ##
## confdefs.h. ##
## ----------- ##

#define PACKAGE_NAME ""
#define PACKAGE_TARNAME ""
#define PACKAGE_VERSION ""
#define PACKAGE_STRING ""
#define PACKAGE_BUGREPORT ""
#define PACKAGE "lib3ds"
#define VERSION "2.0.0"
#define STDC_HEADERS 1
#define HAVE_SYS_TYPES_H 1
#define HAVE_SYS_STAT_H 1
#define HAVE_STDLIB_H 1
#define HAVE_STRING_H 1
#define HAVE_MEMORY_H 1
#define HAVE_STRINGS_H 1
#define HAVE_INTTYPES_H 1
#define HAVE_STDINT_H 1
#define HAVE_UNISTD_H 1
#define HAVE_DLFCN_H 1

configure: exit 0
